3.999999999999996336e-01
8.000000000000000444e-01
1.999999999999998890e+00
2.999999999999996891e+00
6.000000000000004441e+00
1.000000000000000000e+01
1.999999999999993960e+01
5.000000000000014921e+01
1.000000000000000000e+02
1.999999999999994031e+02
3.999999999999996336e-01
8.000000000000000444e-01
1.999999999999998890e+00
2.999999999999996891e+00
6.000000000000004441e+00
1.000000000000000000e+01
1.999999999999993960e+01
5.000000000000014921e+01
1.000000000000000000e+02
1.999999999999994031e+02
