-8.719742146944760297e-02
-9.774991736179880486e-02
-8.214393665277350265e-02
-3.453826475927609940e-02
-1.762364938756379867e-02
-1.759740068589209921e-02
-6.070877762257729723e-03
-8.248708765747840566e-03
-3.684346960251209946e-02
-4.811079652096880016e-02
-4.302022902260770054e-02
-5.000267262723299966e-02
-5.484071064052099820e-02
-3.044109952831459964e-02
-7.745970823357150280e-03
6.006498515677900080e-02
1.871952371310240115e-01
1.844758965745199875e-01
9.770142644693470546e-02
6.899421757964109558e-02
