100
101
102
103
104
105
106
107
108
109
110
1108
1109
1110
1111
1112
1113
1114
1115
1116
1117
1118
1119
112
1120
1121
1122
1123
1124
1125
1126
1127
1128
113
1130
1131
1132
1133
1134
114
115
116
117
1185
1186
1187
1188
1189
119
1190
1191
1192
1193
1194
1195
1196
1197
1198
1199
120
1200
1201
1202
1203
1204
122
123
125
126
127
128
129
130
131
1315
1316
1317
1318
1319
132
1320
1321
1322
1323
1324
1325
1326
1327
1328
1329
133
1330
1331
134
1340
1341
1342
1343
1344
1345
1346
1347
135
136
137
138
140
141
142
143
144
146
152
154
162
164
1659
166
1660
1661
1662
172
176
180
1816
1817
1818
1819
1820
1821
1822
1823
1839
184
1840
1841
1842
1843
1844
1845
1846
1847
186
188
194
196
2
202
2038
204
2040
2041
2042
2043
2046
2047
2048
2049
2050
2053
2054
2055
2057
2059
206
2060
2061
2062
2063
2064
2065
2066
2068
2070
2072
2074
2075
2077
2078
208
2080
2082
2084
2086
2088
2089
2091
2093
2094
2095
2096
2097
2098
2099
210
2100
2101
2102
2103
2105
2106
2107
2108
2109
2113
2114
2115
2116
2117
2118
2119
212
2120
2121
2122
2123
2124
2125
2126
2127
2128
2130
2131
214
216
218
220
2211
2212
2213
222
224
228
230
232
234
236
2362
2363
2364
2365
2366
2367
2368
2369
2371
2372
2373
2374
2376
2377
238
2386
2387
2390
2391
242
2451
2452
246
248
250
252
254
256
260
262
264
266
274
280
282
284
286
290
294
296
300
306
308
310
314
5
63
64
65
66
67
68
69
70
71
72
73
74
740
741
742
743
744
745
746
747
75
750
751
753
754
755
756
757
758
759
76
760
761
762
763
764
765
766
767
768
77
78
781
782
783
784
785
786
787
788
789
79
790
791
792
793
794
795
796
797
798
799
800
801
802
804
805
806
807
81
82
83
84
85
86
88
89
91
92
93
94
95
96
97
98
99