2130
1134
2131
2363
804
2127
103
2057
1110
762
2369
2108
805
2119
1816
797
97
2109
788
798
2116
786
767
2107
2120
2070
2372
1120
768
763
2053
1846
765
2050
135
2066
1821
2048
75
134
789
1317
113
1661
1325
1839
1329
117
2128
1326
766
1662
794
1321
2124
2047
1127
2367
807
1116
1823
806
2049
2212
1817
91
1185
790
963
1347
1322
2054
795
64
1125
1318
761
1843
1856
1113
1126
1187
1121
142
98
1847
796
68
2061
102
782
793
1132
1133
107
785
74
63
1660
1128
114
2
1343
1188
100
1330
2040
969
1186
84
764
1508
741
1820
1507
2065
104
965
101
82
2386
753
66
2366
787
106
745
69
333
754
2377
2068
1840
717
740
71
2373
2043
1103
1342
2055
2365
802
747
1659
744
755
971
706
132
979
1509
746
714
95
707
1124
2123
1822
756
67
750
54
751
105
725
1204
732
131
228
109
1043
726
743
2364
38
925
58
983
733
710
917
2390
2368
2062
742
337
1065
991
1119
93
2387
708
34
1999
2211
194
2391
60
1136
2001
781
719
2115
1797
2532
2533
921
40
1067
739
730
1617
1073
1015
711
1057
112
1682
1985
652
1633
2037
1848
973
2007
162
1037
2526
1975
1061
1045
1346
2009
94
1649
1101
1039
2013
635
2309
1855
941
2015
110
1648
601
1091
2465
693
959
1858
120
997
1993
1093
143
395
2219
2491
2110
1033
1049
721
141
728
323
1987
943
1632
647
1373
583
927
1372
625
913
995
1379
1011
1631
3032
125
2841
1652
720
497
895
96
621
339
1636
1977
1377
1374
1013
1051
993
1063
1376
427
655
48
329
62
1647
1131
85
1001
945
2488
345
2489
2223
626
1095
1615
290
1983
643
375
623
133
99
1089
2490
122
627
126
441
296
72
28
629
614
1003
713
985
214
709
77
331
1389
3078
115
319
1616
737
136
1375
409
3089
718
1081
955
83
2493
2471
645
138
1929
50
314
248
42
377
636
1017
899
1031
624
659
361
507
673
605
687
738
527
1931
617
357
81
284
905
666
70
651
321
1658
679
1935
644
981
144
511
909
2046
2784
999
2788
2469
2921
1069
164
381
630
2786
716
123
680
2461
2222
618
1380
987
1077
513
1107
637
1937
78
603
628
975
431
238
2787
689
657
585
294
2106
1953
2451
2781
89
1027
646
1386
509
1382
1933
931
642
2837
359
92
1957
662
640
355
2779
593
724
1642
306
65
907
79
365
947
731
367
620
663
589
2025
2933
1923
254
607
1009
2029
1383
665
951
224
1951
73
929
206
923
2793
2218
893
1384
108
371
2492
676
1939
2486
489
2376
343
660
736
622
723
2777
1035
949
1620
1657
715
116
1378
24
549
433
2778
210
653
152
2835
2017
1005
1071
758
1381
2484
722
664
1097
2780
2519
2701
487
308
631
1041
2797
705
686
128
2021
1085
3096
734
2027
140
129
919
803
757
2227
609
2011
682
961
1927
727
493
939
1387
76
443
234
1047
369
1079
595
176
672
2452
2463
2771
2794
648
2952
677
619
421
363
216
2019
683
1007
772
563
491
232
2523
2240
2782
30
1991
684
2455
1824
1654
2475
266
545
535
611
282
2457
2792
935
218
2481
1829
1641
533
658
561
222
86
2545
2703
137
2785
3095
2783
661
2940
1925
577
2809
2479
775
531
2790
2791
2811
2789
1059
349
1053
2467
391
393
2459
230
449
1663
633
2699
1105
2766
700
571
769
695
127
119
698
2226
1645
575
2697
1099
130
327
212
2823
2948
937
88
632
667
2547
641
2507
2483
22
495
565
184
1827
2839
553
573
1385
2956
1825
2867
180
2938
2950
2241
2795
697
335
702
977
425
1979
280
523
387
1029
2473
579
2443
154
56
547
1643
385
423
2821
242
1627
188
1087
1055
610
463
262
674
649
2958
220
681
1913
2796
529
256
933
3090
1971
208
2540
252
613
264
236
2775
2859
2258
451
597
2521
1995
1969
1955
453
1831
260
1967
541
477
479
539
3117
18
485
2165
2485
2477
118
699
953
2257
2917
551
196
310
202
3088
2253
250
591
429
3091
1826
638
3023
1961
407
2525
44
2527
3092
1833
2954
2487
703
1388
2946
1835
172
691
694
778
616
272
2031
2505
989
1628
300
3020
286
505
2960
543
204
499
515
2911
1075
146
139
1655
411
612
555
246
1989
2230
2503
1625
166
403
2511
399
2147
473
650
1963
413
696
1919
567
2236
2774
2497
274
2299
2220
2495
2302
186
3137
1965
1644
2923
383
2244
1651
2773
2883
90
87
288
1083
244
1397
2447
639
1959
160
121
1639
654
268
2901
1629
2157
3111
2849
2509
3022
1399
656
671
599
2897
2893
3030
891
52
2944
3107
1915
1921
3019
915
3123
447
1981
405
2501
20
3028
2951
2931
2942
2937
1623
174
278
455
148
525
1612
897
457
704
2903
481
2945
373
302
2513
14
341
3113
3127
537
3031
2305
3133
2308
1367
901
2705
325
501
178
351
2247
483
401
2307
435
3029
304
2301
559
1917
2298
3129
1638
2827
3109
2847
2515
2517
668
2005
4
158
258
465
2889
2304
2881
615
3115
690
3141
347
3026
2935
2843
200
445
226
2159
2300
2555
2957
415
419
1626
2760
3125
2681
1688
774
2829
770
3099
779
780
2869
2875
2899
1613
2919
1363
3021
2825
2692
2221
2254
467
36
1997
634
669
678
2224
685
735
2691
2772
276
318
2939
2553
316
2551
298
2693
2907
2694
1941
1619
270
2817
2695
2696
2865
2303
2003
389
2297
2151
2499
2680
2161
182
2600
692
469
2589
2630
2631
776
3155
712
777
150
675
475
2611
773
459
2609
771
3024
2642
439
2644
701
3131
1640
2233
3135
190
1837
670
2237
2831
2225
8
1356
2877
569
292
557
2895
3027
2915
3025
1395
353
2445
2640
2671
2648
2668
2564
2647
2581
2582
2583
2645
2554
2672
2643
2586
2558
2653
2587
2637
2666
2566
2580
2665
2655
2656
2652
2572
2575
2571
2570
2650
2661
2569
2662
2649
2568
2663
2567
2678
2654
2552
2684
2604
2605
2602
2632
2628
2634
2633
2626
2608
2306
2688
2683
2622
2621
729
3121
2943
2617
2614
2616
2941
2615
503
2651
2606
170
2607
2574
1611
2598
2625
2947
2629
3087
3076
2593
2689
2591
2635
2590
2641
3093
587
2596
581
519
688
2585
2959
2584
2646
3101
3103
3105
521
168
2595
2636
2657
2913
2670
1634
1635
2833
2674
124
2819
2676
2815
2813
2677
1646
2573
2556
1656
1750
2550
1947
1784
2679
2067
1788
2167
2685
2561
2613
2562
2669
2658
2887
2879
1618
1622
2565
397
2660
2612
2861
2853
1624
2603
2599
16
471
2576
2023
12
2601
6
10
2143
2597
2145
2149
2153
198
461
192
2610
240
32
1973
1949
379
2560
2563
2559
517
2588
417
437
2557
2594
2579
46
312
2578
2549
2548
2546
1943
1945
2577
26
2592
2690
3153
1760
1756
1754
1752
1748
1746
1653
1650
2675
1637
2673
1630
2845
2851
2855
2857
2863
2667
2871
2873
2664
1621
1758
1762
3151
1764
2687
2686
2698
1794
2700
1792
2702
1790
2704
2682
2770
1786
1782
1780
1778
1776
1774
1772
1770
1768
1766
2885
2891
2659
1614
2638
1352
1351
1350
3074
1349
1348
156
3097
2627
2624
2623
3119
2620
2619
2618
3139
3143
3145
3147
3149
2639
1353
1354
1368
2905
2909
2925
2927
2929
1391
1371
1370
1369
1366
1355
1365
1364
2949
1362
1361
1360
1359
1358
1357
1796
