acid: 1
aid: 1
assay_component_name: 1
assay_component_desc: 1
assay_component_target_desc: 1
parameter_readout_type: 1
assay_design_type: 1
assay_design_type_sub: 1
biological_process_target: 1
detection_technology_type: 1
detection_technology_type_sub: 1
detection_technology: 1
key_assay_reagent_type: 1
key_assay_reagent: 1
technological_target_type: 1
technological_target_type_sub: 1
aeid: 1
assay_component_endpoint_name: 1
export_ready: 1
internal_ready: 1
assay_component_endpoint_desc: 1
assay_function_type: 1
normalized_data_type: 1
burst_assay: 1
key_positive_control: 1
signal_direction: 1
intended_target_type: 1
intended_target_type_sub: 1
intended_target_family: 1
intended_target_family_sub: 1
fit_all: 1
cell_viability_assay: 1
data_usability: 1
asid: 1
assay_name: 1
assay_desc: 1
timepoint_hr: 1
organism_id: 1
organism: 1
tissue: 1
cell_format: 1
cell_free_component_source: 1
cell_short_name: 1
cell_growth_mode: 1
assay_footprint: 1
assay_format_type: 1
assay_format_type_sub: 1
content_readout_type: 1
dilution_solvent: 1
dilution_solvent_percent_max: 1
new_AssayEndpointName: 1
old_AssayEndpointName: 1
Assay_MOA: 1
ModeofAction: 1
MOA_ToxicityEndpoint: 1
ToxicityEndpoint: 1
Assay_MechanisticTarget: 1
MechanisticTarget: 1
MT_NCIm_term: 1
MT_NCIm_term_ID: 1
