1
1804
13
23
32
33
34
35
36
38
39
40
41
42
43
44
45
46
47
48
49
50
51
52
53
54
55
60
61
62
63
64
65
66
67
68
69
70
71
72
73
74
75
76
77
81
82
83
84
85
86
87
88
89
91
92
94
95
100
101
102
103
104
105
106
107
108
109
110
111
112
113
114
115
116
117
118
119
120
121
122
123
124
125
127
128
129
130
131
132
133
134
135
136
137
138
139
140
142
143
144
145
146
147
148
149
150
151
152
153
154
155
156
157
158
159
160
161
162
163
164
165
166
167
168
169
170
171
172
173
174
175
176
178
179
180
181
182
183
184
185
186
187
188
189
190
191
192
193
194
195
196
197
198
199
200
477
478
479
480
481
482
483
484
487
488
490
491
492
493
494
495
498
499
500
501
502
503
504
505
518
519
522
523
524
525
526
527
530
531
532
534
539
541
542
543
544
697
747
700
748
703
749
706
750
707
708
711
757
712
713
714
715
718
906
719
720
721
2012
2013
766
892
893
896
897
900
901
904
905
909
910
913
914
1013
1014
1015
1016
1091
1120
1121
1124
1125
1126
1127
1137
1138
1141
1942
1144
1145
1802
1831
1922
1925
1928
1929
1930
1931
1932
1935
1936
1937
1939
1941
1943
1944
1947
1948
1950
1952
1954
1957
1959
1960
1962
1964
1968
1970
1971
1973
1975
1977
1978
1979
1980
1981
1983
1984
1985
1987
2075
1988
1989
1990
1991
1997
1998
2001
2002
2005
2006
2009
2010
2073
2074
2369
2370
2371
2372
2373
2374
2375
2376
2379
2380
2383
2384
2393
2394
2397
2398
2445
2446
2731
2759
2760