2
25
45
63
1400
64
1401
65
1402
66
1404
67
1410
69
1409
70
1412
71
1413
72
1424
73
1414
74
75
1419
76
1423
77
1425
78
1426
79
1429
1431
81
1432
82
1434
83
1437
84
1439
85
1440
86
1441
91
92
1447
93
1448
94
1458
95
1457
96
1460
97
1461
98
1464
99
1465
100
101
1467
102
1472
103
1474
104
1483
105
1490
106
1491
107
1492
108
1493
112
1497
113
1503
114
1505
115
1403
116
1405
117
1417
1420
119
1422
120
1427
122
1433
123
1435
125
1443
126
1444
131
1463
132
1469
133
134
135
1475
136
1476
137
1477
138
1478
1482
140
1484
141
1485
142
1486
143
1498
144
1504
145
146
147
149
151
152
153
154
155
157
159
161
162
163
164
165
166
167
171
172
173
175
176
177
179
180
181
183
184
185
186
187
188
189
191
193
194
195
196
197
201
202
203
204
205
206
207
208
209
210
211
212
213
214
215
216
217
218
219
220
221
222
223
224
225
227
228
229
230
231
232
233
234
235
236
237
238
239
241
242
243
245
246
247
248
249
250
251
252
253
254
255
256
257
259
260
261
262
263
264
265
266
267
269
273
274
275
277
279
280
281
282
283
284
285
286
287
289
290
291
293
294
295
296
297
299
300
301
303
305
306
307
308
309
310
311
313
314
315
317
740
741
742
743
744
745
746
747
750
751
753
754
755
756
757
758
761
762
763
764
765
766
767
768
781
782
785
786
787
788
789
790
793
794
795
796
797
1854
798
802
804
805
806
807
1110
1113
1116
1119
1120
1121
1124
1125
1126
1127
1128
1131
1132
1133
1134
1185
1186
1187
1188
1195
1204
1317
1318
1321
1322
1325
1326
1329
1330
1331
1342
1343
1346
1347
1659
1660
1661
1662
2846
1816
1817
1820
1821
1822
1823
1839
1840
1843
1846
1847
1850
1852
1857
2040
2043
2046
2047
2048
2049
2050
2053
2054
2055
2057
2059
2060
2061
2062
2065
2066
2068
2070
2072
2075
2077
2078
2080
2082
2086
2088
2089
2091
2093
2095
2096
2097
2098
2099
2101
2102
2103
2105
2106
2107
2108
2109
2119
2120
2115
2116
2123
2124
2127
2128
2130
2131
2211
2212
2213
2362
2363
2364
2365
2366
2367
2368
2369
2372
2373
2376
2377
2386
2387
2390
2391
2451
2452
2874
2930
2932