1
2
3
4
5
6
7
8
9
10
11
12
13
14
15
16
17
18
19
20
21
22
23
24
25
26
27
28
29
30
31
32
33
34
35
36
37
38
39
40
41
42
43
44
45
46
47
48
49
50
51
52
53
54
55
56
57
58
59
60
61
62
63
64
65
66
67
68
69
70
71
72
73
74
75
76
77
78
79
80
81
82
83
84
85
86
87
88
89
90
91
92
93
94
95
96
97
98
99
100
101
102
103
104
105
106
107
108
109
110
111
112
113
114
115
116
117
118
119
120
121
122
123
124
125
126
127
128
129
130
131
132
133
134
135
136
137
138
139
140
141
142
143
144
145
146
147
148
149
150
151
152
153
154
155
156
157
158
159
160
161
162
163
164
165
166
167
168
169
170
171
172
173
174
175
176
177
178
179
180
181
182
183
184
185
186
187
188
189
190
191
192
193
194
195
196
197
198
199
200
201
202
203
204
205
206
207
208
209
210
211
212
213
214
215
216
217
218
219
220
221
222
223
224
225
226
227
228
229
230
231
232
233
234
235
236
237
238
239
240
241
242
243
244
245
246
247
248
249
250
251
252
253
254
255
256
257
258
259
260
261
262
263
264
265
266
267
268
269
270
271
272
273
274
275
276
277
278
279
280
281
282
283
284
285
286
287
288
289
290
291
292
293
294
295
296
297
298
301
302
304
305
306
307
308
309
310
311
312
313
314
315
316
317
318
319
320
321
322
323
324
325
326
327
328
370
371
372
373
374
375
376
377
378
379
380
381
382
386
399
400
401
402
403
404
405
406
407
408
409
410
411
412
425
426
428
430
433
435
437
441
442
443
444
445
446
447
448
449
450
451
452
453
533
534
569
570
571
572
574
575
576
577
578
579
580
581
582
583
584
585
588
589
592
593
594
595
640
642
643
644
645
646
647
648
649
650
651
653
654
665
666
667
670
671
672
678
679
680
681
682
877
684
685
573
686
687
691
812
816
808
728
821
815
743
809
711
791
781
782
774
726
780
719
692
793
720
722
723
698
703
766
768
729
731
790
789
770
775
792
776
747
773
756
784
771
767
778
750
732
800
772
701
799
725
796
769
823
824
805
785
777
797
813
811
712
702
705
727
730
733
817
704
706
734
735
724
798
783
761
779
765
832
786
787
764
746
820
810
753
738
739
740
736
741
744
745
714
795
748
814
835
836
837
838
839
833
819
708
749
826
834
700
707
709
710
757
693
694
695
696
803
697
807
759
760
713
806
699
715
716
717
718
721
788
831
827
830
752
804
742
794
822
763
754
828
829
762
802
755
737
801
825
818
758
751
840
841
842
845
846
848
849
850
851
852
853
857
856
858
860
861
862
863
864
865
866
869
870
871
872
873
874
875
876