ACEA_ER_80hr
APR_HepG2_CellCycleArrest_1h_up
APR_HepG2_CellLoss_1h_up
APR_HepG2_MicrotubuleCSK_1h_up
APR_HepG2_MitoMass_1h_up
APR_HepG2_MitoMembPot_1h_up
APR_HepG2_MitoticArrest_1h_up
APR_HepG2_NuclearSize_1h_up
APR_HepG2_P-H2AX_1h_up
APR_HepG2_p53Act_1h_up
APR_HepG2_StressKinase_1h_up
APR_HepG2_CellCycleArrest_24h_up
APR_HepG2_CellLoss_24h_up
APR_HepG2_MicrotubuleCSK_24h_up
APR_HepG2_MitoMass_24h_up
APR_HepG2_MitoMembPot_24h_up
APR_HepG2_MitoticArrest_24h_up
APR_HepG2_NuclearSize_24h_up
APR_HepG2_P-H2AX_24h_up
APR_HepG2_p53Act_24h_up
APR_HepG2_StressKinase_24h_up
APR_HepG2_CellCycleArrest_72h_up
APR_HepG2_CellLoss_72h_up
APR_HepG2_MicrotubuleCSK_72h_up
APR_HepG2_MitoMass_72h_up
APR_HepG2_MitoMembPot_72h_up
APR_HepG2_MitoticArrest_72h_up
APR_HepG2_NuclearSize_72h_up
APR_HepG2_P-H2AX_72h_up
APR_HepG2_p53Act_72h_up
APR_HepG2_StressKinase_72h_up
ATG_Ahr_CIS_up
ATG_AP_1_CIS_up
ATG_AP_2_CIS_up
ATG_BRE_CIS_up
ATG_C_EBP_CIS_up
ATG_CMV_CIS_up
ATG_CRE_CIS_up
ATG_DR4_LXR_CIS_up
ATG_DR5_CIS_up
ATG_E_Box_CIS_up
ATG_E2F_CIS_up
ATG_EGR_CIS_up
ATG_ERE_CIS_up
ATG_Ets_CIS_up
ATG_FoxA2_CIS_up
ATG_FoxO_CIS_up
ATG_GATA_CIS_up
ATG_GRE_CIS_up
ATG_HIF1a_CIS_up
ATG_HNF6_CIS_up
ATG_HSE_CIS_up
ATG_IR1_CIS_up
ATG_ISRE_CIS_up
ATG_M_06_CIS_up
ATG_M_19_CIS_up
ATG_M_32_CIS_up
ATG_M_61_CIS_up
ATG_MRE_CIS_up
ATG_Myb_CIS_up
ATG_Myc_CIS_up
ATG_NF_kB_CIS_up
ATG_NFI_CIS_up
ATG_NRF1_CIS_up
ATG_NRF2_ARE_CIS_up
ATG_Oct_MLP_CIS_up
ATG_p53_CIS_up
ATG_Pax6_CIS_up
ATG_PBREM_CIS_up
ATG_PPRE_CIS_up
ATG_PXRE_CIS_up
ATG_RORE_CIS_up
ATG_Sox_CIS_up
ATG_Sp1_CIS_up
ATG_SREBP_CIS_up
ATG_STAT3_CIS_up
ATG_TA_CIS_up
ATG_TAL_CIS_up
ATG_TGFb_CIS_up
ATG_VDRE_CIS_up
ATG_Xbp1_CIS_up
ATG_AR_TRANS_up
ATG_CAR_TRANS_up
ATG_ERa_TRANS_up
ATG_ERRa_TRANS_up
ATG_ERRg_TRANS_up
ATG_FXR_TRANS_up
ATG_GAL4_TRANS_up
ATG_GR_TRANS_up
ATG_HNF4a_TRANS_up
ATG_Hpa5_TRANS_up
ATG_LXRa_TRANS_up
ATG_LXRb_TRANS_up
ATG_M_06_TRANS_up
ATG_M_19_TRANS_up
ATG_M_32_TRANS_up
ATG_M_61_TRANS_up
ATG_NURR1_TRANS_up
ATG_PPARa_TRANS_up
ATG_PPARd_TRANS_up
ATG_PPARg_TRANS_up
ATG_PXR_TRANS_up
ATG_RARa_TRANS_up
ATG_RARb_TRANS_up
ATG_RARg_TRANS_up
ATG_RORb_TRANS_up
ATG_RORg_TRANS_up
ATG_RXRa_TRANS_up
ATG_RXRb_TRANS_up
ATG_THRa1_TRANS_up
ATG_VDR_TRANS_up
BSK_3C_Eselectin_up
BSK_3C_HLADR_up
BSK_3C_ICAM1_up
BSK_3C_IL8_up
BSK_3C_MCP1_up
BSK_3C_MIG_up
BSK_3C_Proliferation_up
BSK_3C_SRB_up
BSK_3C_Thrombomodulin_up
BSK_3C_TissueFactor_up
BSK_3C_uPAR_up
BSK_3C_VCAM1_up
BSK_3C_Vis_up
BSK_4H_Eotaxin3_up
BSK_4H_MCP1_up
BSK_4H_Pselectin_up
BSK_4H_SRB_up
BSK_4H_uPAR_up
BSK_4H_VCAM1_up
BSK_4H_VEGFRII_up
BSK_BE3C_HLADR_up
BSK_BE3C_IL1a_up
BSK_BE3C_IP10_up
BSK_BE3C_MIG_up
BSK_BE3C_MMP1_up
BSK_BE3C_PAI1_up
BSK_BE3C_SRB_up
BSK_BE3C_TGFb1_up
BSK_BE3C_tPA_up
BSK_BE3C_uPA_up
BSK_BE3C_uPAR_up
BSK_CASM3C_HLADR_up
BSK_CASM3C_IL6_up
BSK_CASM3C_IL8_up
BSK_CASM3C_LDLR_up
BSK_CASM3C_MCP1_up
BSK_CASM3C_MCSF_up
BSK_CASM3C_MIG_up
BSK_CASM3C_Proliferation_up
BSK_CASM3C_SAA_up
BSK_CASM3C_SRB_up
BSK_CASM3C_Thrombomodulin_up
BSK_CASM3C_TissueFactor_up
BSK_CASM3C_uPAR_up
BSK_CASM3C_VCAM1_up
BSK_hDFCGF_CollagenIII_up
BSK_hDFCGF_EGFR_up
BSK_hDFCGF_IL8_up
BSK_hDFCGF_IP10_up
BSK_hDFCGF_MCSF_up
BSK_hDFCGF_MIG_up
BSK_hDFCGF_MMP1_up
BSK_hDFCGF_PAI1_up
BSK_hDFCGF_Proliferation_up
BSK_hDFCGF_SRB_up
BSK_hDFCGF_TIMP1_up
BSK_hDFCGF_VCAM1_up
BSK_KF3CT_ICAM1_up
BSK_KF3CT_IL1a_up
BSK_KF3CT_IP10_up
BSK_KF3CT_MCP1_up
BSK_KF3CT_MMP9_up
BSK_KF3CT_SRB_up
BSK_KF3CT_TGFb1_up
BSK_KF3CT_TIMP2_up
BSK_KF3CT_uPA_up
BSK_LPS_CD40_up
BSK_LPS_Eselectin_up
BSK_LPS_IL1a_up
BSK_LPS_IL8_up
BSK_LPS_MCP1_up
BSK_LPS_MCSF_up
BSK_LPS_PGE2_up
BSK_LPS_SRB_up
BSK_LPS_TissueFactor_up
BSK_LPS_TNFa_up
BSK_LPS_VCAM1_up
BSK_SAg_CD38_up
BSK_SAg_CD40_up
BSK_SAg_CD69_up
BSK_SAg_Eselectin_up
BSK_SAg_IL8_up
BSK_SAg_MCP1_up
BSK_SAg_MIG_up
BSK_SAg_PBMCCytotoxicity_up
BSK_SAg_Proliferation_up
BSK_SAg_SRB_up
NVS_ADME_hCYP19A1
NVS_ADME_hCYP1A1
NVS_ADME_hCYP1A2
NVS_ADME_hCYP1B1
NVS_ADME_hCYP2A6
NVS_ADME_hCYP2B6
NVS_ADME_hCYP2C18
NVS_ADME_hCYP2C19
NVS_ADME_hCYP2C8
NVS_ADME_hCYP2C9
NVS_ADME_hCYP2D6
NVS_ADME_hCYP2E1
NVS_ADME_hCYP2J2
NVS_ADME_hCYP3A4
NVS_ADME_hCYP3A5
NVS_ADME_hCYP4F12
NVS_ADME_rCYP1A1
NVS_ADME_rCYP1A2
NVS_ADME_rCYP2A1
NVS_ADME_rCYP2A2
NVS_ADME_rCYP2B1
NVS_ADME_rCYP2C11
NVS_ADME_rCYP2C12
NVS_ADME_rCYP2C13
NVS_ADME_rCYP2C6
NVS_ADME_rCYP2D1
NVS_ADME_rCYP2D2
NVS_ADME_rCYP2E1
NVS_ADME_rCYP3A1
NVS_ADME_rCYP3A2
NVS_ENZ_hAbl
NVS_ENZ_hAChE
NVS_ENZ_hACP1
NVS_ENZ_hAKT1
NVS_ENZ_hAKT2
NVS_ENZ_hAKT3
NVS_ENZ_hAMPKa1
NVS_ENZ_hAurA
NVS_ENZ_hBACE
NVS_ENZ_hBTK
NVS_ENZ_hCASP1
NVS_ENZ_hCASP10
NVS_ENZ_hCASP2
NVS_ENZ_hCASP3
NVS_ENZ_hCASP4
NVS_ENZ_hCASP5
NVS_ENZ_hCASP8
NVS_ENZ_hCDK2
NVS_ENZ_hCDK6
NVS_ENZ_hCHK1
NVS_ENZ_hCK1a
NVS_ENZ_hCK1D
NVS_ENZ_hCK2a2b2
NVS_ENZ_hCSF1R
NVS_ENZ_hDUSP3
NVS_ENZ_hEGFR
NVS_ENZ_hElastase
NVS_ENZ_hEphA1
NVS_ENZ_hEphA2
NVS_ENZ_hEphB1
NVS_ENZ_hEphB2
NVS_ENZ_hES
NVS_ENZ_hFGFR1
NVS_ENZ_hFGFR3
NVS_ENZ_hFyn
NVS_ENZ_hGSK3b
NVS_ENZ_hHDAC3
NVS_ENZ_hHDAC6
NVS_ENZ_hIGF1R
NVS_ENZ_hIKKa
NVS_ENZ_hInsR
NVS_ENZ_hIRAK4
NVS_ENZ_hJak2
NVS_ENZ_hJNK2
NVS_ENZ_hLck
NVS_ENZ_hLynA
NVS_ENZ_hLynB
NVS_ENZ_hMAPK1
NVS_ENZ_hMAPK11
NVS_ENZ_hMAPK3
NVS_ENZ_hMAPKAPK2
NVS_ENZ_hMAPKAPK5
NVS_ENZ_hMARK1
NVS_ENZ_hMet
NVS_ENZ_hMMP1
NVS_ENZ_hMMP13
NVS_ENZ_hMMP2
NVS_ENZ_hMMP3
NVS_ENZ_hMMP7
NVS_ENZ_hMMP9
NVS_ENZ_hMsk1
NVS_ENZ_hNEK2
NVS_ENZ_hPAK2
NVS_ENZ_hPAK4
NVS_ENZ_hPDE10
NVS_ENZ_hPDE4A1
NVS_ENZ_hPDE5
NVS_ENZ_hPI3Ka
NVS_ENZ_hPKA
NVS_ENZ_hPKCz
NVS_ENZ_hPKD2
NVS_ENZ_hPPM1A
NVS_ENZ_hPPP1CA
NVS_ENZ_hPPP2CA
NVS_ENZ_hPTEN
NVS_ENZ_hPTPN1
NVS_ENZ_hPTPN11
NVS_ENZ_hPTPN12
NVS_ENZ_hPTPN13
NVS_ENZ_hPTPN14
NVS_ENZ_hPTPN2
NVS_ENZ_hPTPN4
NVS_ENZ_hPTPN6
NVS_ENZ_hPTPN9
NVS_ENZ_hPTPRB
NVS_ENZ_hPTPRC
NVS_ENZ_hPTPRF
NVS_ENZ_hPTPRM
NVS_ENZ_hRAF1
NVS_ENZ_hROCK1
NVS_ENZ_hSGK1
NVS_ENZ_hSIRT1
NVS_ENZ_hSIRT2
NVS_ENZ_hSIRT3
NVS_ENZ_hSRC
NVS_ENZ_hSyk
NVS_ENZ_hTie2
NVS_ENZ_hTrkA
NVS_ENZ_hVEGFR1
NVS_ENZ_hVEGFR2
NVS_ENZ_hVEGFR3
NVS_ENZ_hZAP70
NVS_ENZ_oCOX1
NVS_ENZ_oCOX2
NVS_ENZ_pMTHFR
NVS_ENZ_rabI2C
NVS_ENZ_rACFSKBinding
NVS_ENZ_rAChE
NVS_ENZ_rCNOS
NVS_ENZ_rCOMT
NVS_ENZ_hDYRK1a
NVS_ENZ_rMAOAC
NVS_ENZ_rMAOAP
NVS_ENZ_rMAOBC
NVS_ENZ_rMAOBP
NVS_GPCR_bAdoR_NonSelective
NVS_GPCR_bAT2
NVS_GPCR_bDR_NonSelective
NVS_GPCR_bH1
NVS_GPCR_bNPY_NonSelective
NVS_GPCR_g5HT4
NVS_GPCR_gANPA
NVS_GPCR_gBK2
NVS_GPCR_gH2
NVS_GPCR_gLTB4
NVS_GPCR_gLTD4
NVS_GPCR_gMPeripheral_NonSelective
NVS_GPCR_gOpiateK
NVS_GPCR_h5HT2A
NVS_GPCR_h5HT5A
NVS_GPCR_h5HT6
NVS_GPCR_h5HT7
NVS_GPCR_hAdoRA1
NVS_GPCR_hAdoRA2a
NVS_GPCR_hAdra2A
NVS_GPCR_hAdra2C
NVS_GPCR_hAdrb1
NVS_GPCR_hAdrb2
NVS_GPCR_hAdrb3
NVS_GPCR_hAT1
NVS_GPCR_hC5a
NVS_GPCR_hDRD1
NVS_GPCR_hDRD2s
NVS_GPCR_hDRD4.4
NVS_GPCR_hETA
NVS_GPCR_hETB
NVS_GPCR_hH1
NVS_GPCR_hLTB4_BLT1
NVS_GPCR_hM1
NVS_GPCR_hM2
NVS_GPCR_hM3
NVS_GPCR_hM4
NVS_GPCR_hM5
NVS_GPCR_hNK2
NVS_GPCR_hNPY1
NVS_GPCR_hNPY2
NVS_GPCR_hNTS
NVS_GPCR_hOpiate_D1
NVS_GPCR_hOpiate_mu
NVS_GPCR_hORL1
NVS_GPCR_hPY2
NVS_GPCR_hTXA2
NVS_GPCR_hV1A
NVS_GPCR_mCCKAPeripheral
NVS_GPCR_mCKKBCentral
NVS_GPCR_p5HT2C
NVS_GPCR_r5HT_NonSelective
NVS_GPCR_r5HT1_NonSelective
NVS_GPCR_rabPAF
NVS_GPCR_rAdra1_NonSelective
NVS_GPCR_rAdra1A
NVS_GPCR_rAdra1B
NVS_GPCR_rAdra2_NonSelective
NVS_GPCR_rAdrb_NonSelective
NVS_GPCR_rCRF
NVS_GPCR_rGABBR
NVS_GPCR_rGalanin
NVS_GPCR_rGHB
NVS_GPCR_rH3
NVS_GPCR_rmAdra2B
NVS_GPCR_rmMGluR1
NVS_GPCR_rmMGluR5
NVS_GPCR_rNK1
NVS_GPCR_rNK3
NVS_GPCR_rNTS
NVS_GPCR_rOpiate_NonSelective
NVS_GPCR_rOpiate_NonSelectiveNa
NVS_GPCR_rOXT
NVS_GPCR_rSST
NVS_GPCR_rTRH
NVS_GPCR_rV1
NVS_GPCR_rVIP_NonSelective
NVS_IC_hKhERGCh
NVS_IC_rCaBTZCHL
NVS_IC_rCaChN
NVS_IC_rCaDHPRCh_L
NVS_IC_rKAR
NVS_IC_rKATPCh
NVS_IC_rKCaCh
NVS_IC_rNaCh_site2
NVS_LGIC_bGABAR_Agonist
NVS_LGIC_bGABARa1
NVS_LGIC_bGABARa5
NVS_LGIC_h5HT3
NVS_LGIC_hNNR_NBungSens
NVS_LGIC_rAMPA
NVS_LGIC_rGABAR_NonSelective
NVS_LGIC_rGABARa6
NVS_LGIC_rGluNMDA_Agonist
NVS_LGIC_rGluNMDA_MK801_Agonist
NVS_LGIC_rGlyRStrySens
NVS_LGIC_rNNR_BungSens
NVS_MP_hPBR
NVS_MP_rPBR
NVS_NR_bER
NVS_NR_bPR
NVS_NR_cAR
NVS_NR_hAR
NVS_NR_hCAR_Agonist
NVS_NR_hCAR_Antagonist
NVS_NR_hER
NVS_NR_hFXR_Agonist
NVS_NR_hFXR_Antagonist
NVS_NR_hGR
NVS_NR_hPPARa
NVS_NR_hPPARg
NVS_NR_hPR
NVS_NR_hPXR
NVS_NR_hRAR_Antagonist
NVS_NR_hRARa_Agonist
NVS_NR_hTRa_Antagonist
NVS_NR_mERa
NVS_NR_rAR
NVS_NR_rMR
NVS_OR_gSIGMA_NonSelective
NVS_OR_hFKBP12
NVS_TR_gDAT
NVS_TR_hAdoT
NVS_TR_hDAT
NVS_TR_hNET
NVS_TR_hSERT
NVS_TR_rAdoT
NVS_TR_rNET
NVS_TR_rSERT
NVS_TR_rVMAT2
OT_AR_ARELUC_AG_1440
OT_AR_ARSRC1_0480
OT_AR_ARSRC1_0960
OT_ER_ERaERa_0480
OT_ER_ERaERa_1440
OT_ER_ERaERb_0480
OT_ER_ERaERb_1440
OT_ER_ERbERb_0480
OT_ER_ERbERb_1440
OT_ERa_EREGFP_0120
OT_ERa_EREGFP_0480
OT_FXR_FXRSRC1_0480
OT_FXR_FXRSRC1_1440
OT_NURR1_NURR1RXRa_0480
OT_NURR1_NURR1RXRa_1440
OT_PPARg_PPARgSRC1_0480
OT_PPARg_PPARgSRC1_1440
TOX21_AR_BLA_Agonist_ratio
TOX21_AR_BLA_Antagonist_ratio
TOX21_AR_BLA_Antagonist_viability
TOX21_AR_LUC_MDAKB2_Agonist
TOX21_AR_LUC_MDAKB2_Antagonist_10nM_R1881
TOX21_AR_LUC_MDAKB2_Antagonist_10nM_R1881_viability
TOX21_Aromatase_Inhibition
TOX21_Aromatase_Inhibition_viability
TOX21_AutoFluor_HEK293_Cell_blue
TOX21_AutoFluor_HEK293_Cell_green
TOX21_AutoFluor_HEK293_Cell_red
TOX21_AutoFluor_HEK293_Media_blue
TOX21_AutoFluor_HEK293_Media_green
TOX21_AutoFluor_HEK293_Media_red
TOX21_AutoFluor_HEPG2_Cell_blue
TOX21_AutoFluor_HEPG2_Cell_green
TOX21_AutoFluor_HEPG2_Cell_red
TOX21_AutoFluor_HEPG2_Media_blue
TOX21_AutoFluor_HEPG2_Media_green
TOX21_AutoFluor_HEPG2_Media_red
TOX21_ELG1_LUC_Agonist
TOX21_ELG1_LUC_Agonist_viability
TOX21_ERa_BLA_Agonist_ratio
TOX21_ERa_BLA_Antagonist_ratio
TOX21_ERa_BLA_Antagonist_viability
TOX21_ERa_LUC_VM7_Agonist
TOX21_ERa_LUC_VM7_Antagonist_0.5nM_E2
TOX21_ERa_LUC_VM7_Antagonist_0.5nM_E2_viability
TOX21_GR_BLA_Agonist_ratio
TOX21_GR_BLA_Antagonist_ratio
TOX21_GR_BLA_Antagonist_viability
TOX21_MMP_fitc
TOX21_MMP_ratio_down
TOX21_MMP_rhodamine
TOX21_PPARg_BLA_Agonist_ratio
TOX21_TR_LUC_GH3_Agonist
TOX21_TR_LUC_GH3_Antagonist
TOX21_TR_LUC_GH3_Antagonist_viability
TOX21_AhR_LUC_Agonist
TOX21_AhR_LUC_Agonist_viability
CEETOX_H295R_11DCORT_up
CEETOX_H295R_OHPREG_up
CEETOX_H295R_OHPROG_up
CEETOX_H295R_ANDR_up
CEETOX_H295R_CORTIC_up
CEETOX_H295R_CORTISOL_up
CEETOX_H295R_DOC_up
CEETOX_H295R_ESTRADIOL_up
CEETOX_H295R_ESTRONE_up
CEETOX_H295R_PROG_up
CEETOX_H295R_TESTO_up
LTEA_HepaRG_ABCB1_up
LTEA_HepaRG_ABCB11_up
LTEA_HepaRG_ABCC2_up
LTEA_HepaRG_ABCC3_up
LTEA_HepaRG_ABCG2_up
LTEA_HepaRG_ACLY_up
LTEA_HepaRG_ACOX1_up
LTEA_HepaRG_ADK_up
LTEA_HepaRG_AFP_up
LTEA_HepaRG_ALPP_up
LTEA_HepaRG_APOA5_up
LTEA_HepaRG_BAD_up
LTEA_HepaRG_BAX_up
LTEA_HepaRG_BCL2_up
LTEA_HepaRG_BCL2L11_up
LTEA_HepaRG_BID_up
LTEA_HepaRG_CASP3_up
LTEA_HepaRG_CASP8_up
LTEA_HepaRG_CAT_up
LTEA_HepaRG_CCND1_up
LTEA_HepaRG_CDKN1A_up
LTEA_HepaRG_CFLAR_up
LTEA_HepaRG_CYP1A1_up
LTEA_HepaRG_CYP1A2_up
LTEA_HepaRG_CYP2B6_up
LTEA_HepaRG_CYP2C19_up
LTEA_HepaRG_CYP2C8_up
LTEA_HepaRG_CYP2C9_up
LTEA_HepaRG_CYP2E1_up
LTEA_HepaRG_CYP3A4_up
LTEA_HepaRG_CYP3A5_up
LTEA_HepaRG_CYP3A7_up
LTEA_HepaRG_CYP4A11_up
LTEA_HepaRG_CYP4A22_up
LTEA_HepaRG_CYP7A1_up
LTEA_HepaRG_DDIT3_up
LTEA_HepaRG_EGF_up
LTEA_HepaRG_EGR1_up
LTEA_HepaRG_EZR_up
LTEA_HepaRG_FABP1_up
LTEA_HepaRG_FAS_up
LTEA_HepaRG_FASN_up
LTEA_HepaRG_FMO3_up
LTEA_HepaRG_FOXO1_up
LTEA_HepaRG_FOXO3_up
LTEA_HepaRG_GADD45A_up
LTEA_HepaRG_GADD45B_up
LTEA_HepaRG_GADD45G_up
LTEA_HepaRG_GCLC_up
LTEA_HepaRG_GSTA2_up
LTEA_HepaRG_GSTM3_up
LTEA_HepaRG_HGF_up
LTEA_HepaRG_HIF1A_up
LTEA_HepaRG_HMGCS2_up
LTEA_HepaRG_HSPA1A_up
LTEA_HepaRG_ICAM1_up
LTEA_HepaRG_IGF1_up
LTEA_HepaRG_IGFBP1_up
LTEA_HepaRG_IL6_up
LTEA_HepaRG_IL6R_up
LTEA_HepaRG_JUN_up
LTEA_HepaRG_KCNK1_up
LTEA_HepaRG_KRT19_up
LTEA_HepaRG_LIPC_up
LTEA_HepaRG_LPL_up
LTEA_HepaRG_MIR122_up
LTEA_HepaRG_MMP10_up
LTEA_HepaRG_MMP3_up
LTEA_HepaRG_MYC_up
LTEA_HepaRG_NFE2L2_up
LTEA_HepaRG_NFKB1_up
LTEA_HepaRG_NQO1_up
LTEA_HepaRG_PDK4_up
LTEA_HepaRG_PEG10_up
LTEA_HepaRG_PPP2R4_up
LTEA_HepaRG_PTEN_up
LTEA_HepaRG_SDHB_up
LTEA_HepaRG_SLC22A1_up
LTEA_HepaRG_SLCO1B1_up
LTEA_HepaRG_STAT3_up
LTEA_HepaRG_SULT2A1_up
LTEA_HepaRG_TGFA_up
LTEA_HepaRG_TGFB1_up
LTEA_HepaRG_THRSP_up
LTEA_HepaRG_TIMP1_up
LTEA_HepaRG_TNFRSF1A_up
LTEA_HepaRG_TP53_up
LTEA_HepaRG_UGT1A1_up
LTEA_HepaRG_UGT1A6_up
LTEA_HepaRG_XBP1_up
TOX21_ARE_BLA_agonist_ratio
TOX21_HSE_BLA_agonist_ratio
TOX21_p53_BLA_p1_ratio
TOX21_FXR_BLA_agonist_ratio
TOX21_FXR_BLA_antagonist_ratio
TOX21_FXR_BLA_antagonist_viability
TOX21_PPARd_BLA_agonist_ratio
TOX21_PPARd_BLA_antagonist_ratio
TOX21_PPARd_BLA_antagonist_viability
TOX21_PPARg_BLA_antagonist_ratio
TOX21_PPARg_BLA_antagonist_viability
TOX21_VDR_BLA_agonist_ratio
TOX21_VDR_BLA_antagonist_ratio
TOX21_VDR_BLA_antagonist_viability
TOX21_DT40
LTEA_HepaRG_LDH_cytotoxicity
TOX21_ARE_BLA_agonist_viability
TOX21_HSE_BLA_agonist_viability
TOX21_p53_BLA_p1_viability
TOX21_FXR_BLA_agonist_viability
ATG_XTT_Cytotoxicity_up
CLD_ABCB1_6hr
CLD_ABCB11_6hr
CLD_ABCG2_6hr
CLD_ACTIN_6hr
CLD_CYP1A1_6hr
CLD_CYP1A2_6hr
CLD_CYP2B6_6hr
CLD_CYP2C19_6hr
CLD_CYP2C9_6hr
CLD_CYP3A4_6hr
CLD_GAPDH_6hr
CLD_GSTA2_6hr
CLD_HMGCS2_6hr
CLD_SLCO1B1_6hr
CLD_SULT2A_6hr
CLD_UGT1A1_6hr
CLD_ABCB1_24hr
CLD_ABCB11_24hr
CLD_ABCG2_24hr
CLD_ACTIN_24hr
CLD_CYP1A1_24hr
CLD_CYP1A2_24hr
CLD_CYP2B6_24hr
CLD_CYP2C19_24hr
CLD_CYP2C9_24hr
CLD_CYP3A4_24hr
CLD_GAPDH_24hr
CLD_GSTA2_24hr
CLD_HMGCS2_24hr
CLD_SLCO1B1_24hr
CLD_SULT2A_24hr
CLD_UGT1A1_24hr
CLD_ABCB1_48hr
CLD_ABCB11_48hr
CLD_ABCG2_48hr
CLD_ACTIN_48hr
CLD_CYP1A1_48hr
CLD_CYP1A2_48hr
CLD_CYP2B6_48hr
CLD_CYP2C19_48hr
CLD_CYP2C9_48hr
CLD_CYP3A4_48hr
CLD_GAPDH_48hr
CLD_GSTA2_48hr
CLD_HMGCS2_48hr
CLD_SLCO1B1_48hr
CLD_SULT2A_48hr
CLD_UGT1A1_48hr
TOX21_p53_BLA_p2_ratio
TOX21_p53_BLA_p2_viability
TOX21_p53_BLA_p3_ratio
TOX21_p53_BLA_p3_viability
TOX21_p53_BLA_p4_ratio
TOX21_p53_BLA_p4_viability
TOX21_p53_BLA_p5_ratio
TOX21_p53_BLA_p5_viability
TOX21_ESRE_BLA_ratio
TOX21_ESRE_BLA_viability
TOX21_NFkB_BLA_agonist_ratio
TOX21_NFkB_BLA_agonist_viability
ATG_NUR77_TRANS2_up
ATG_GCNF_TRANS2_up
ATG_COUP_TF2_TRANS2_up
ATG_PNR_TRANS2_up
ATG_LRH1_TRANS2_up
ATG_Rev_ERB_A_TRANS2_up
ATG_HNF4g_TRANS2_up
ATG_ERRb_TRANS2_up
ATG_MR_TRANS2_up
ATG_COUP_TF1_TRANS2_up
ATG_NOR1_TRANS2_up
ATG_TR4_TRANS2_up
ATG_DAX1_TRANS2_up
ATG_Rev_ERB_B_TRANS2_up
ATG_RORa_TRANS2_up
ATG_PR_TRANS2_up
ATG_RXRg_TRANS2_up
ATG_SF_1_TRANS2_up
ATG_SHP_TRANS2_up
ATG_ERb_TRANS2_up
ATG_TLX_TRANS2_up
ATG_THRb_TRANS2_up
ATG_EAR2_TRANS2_up
ATG_TR2_TRANS2_up
Tanguay_ZF_120hpf_MORT_up
Tanguay_ZF_120hpf_YSE_up
Tanguay_ZF_120hpf_AXIS_up
Tanguay_ZF_120hpf_EYE_up
Tanguay_ZF_120hpf_SNOU_up
Tanguay_ZF_120hpf_JAW_up
Tanguay_ZF_120hpf_OTIC_up
Tanguay_ZF_120hpf_PE_up
Tanguay_ZF_120hpf_BRAI_up
Tanguay_ZF_120hpf_SOMI_up
Tanguay_ZF_120hpf_PFIN_up
Tanguay_ZF_120hpf_CFIN_up
Tanguay_ZF_120hpf_PIG_up
Tanguay_ZF_120hpf_CIRC_up
Tanguay_ZF_120hpf_TRUN_up
Tanguay_ZF_120hpf_SWIM_up
Tanguay_ZF_120hpf_NC_up
Tanguay_ZF_120hpf_TR_up
LTEA_HepaRG_SLC22A6_up
LTEA_HepaRG_SLC10A1_up
LTEA_HepaRG_MMP1_up
LTEA_HepaRG_CYP24A1_1_up
CCTE_Padilla_ZF_144hpf_TERATOSCORE_up
CCTE_Simmons_AUR_TPO_dn
CCTE_Simmons_CellTiterGLO_HEK293T
TOX21_RAR_LUC_Agonist
TOX21_RAR_LUC_Agonist_viability
TOX21_RORg_LUC_CHO_Antagonist
TOX21_RORg_LUC_CHO_Antagonist_viability
CEETOX_H295R_MTT_cell_viability_up
STM_H9_CystineISnorm_perc_up
STM_H9_OrnithineISnorm_perc_up
ATG_GPCR_ADORA2A_TRANS_up
ATG_GPCR_ADORA2B_TRANS_up
ATG_GPCR_ADRA1A_TRANS_up
ATG_GPCR_ADRA2B_TRANS_up
ATG_GPCR_ADRB2_TRANS_up
ATG_GPCR_ADRB3_TRANS_up
ATG_GPCR_CHRM3_TRANS_up
ATG_GPCR_DRD1_TRANS_up
ATG_GPCR_DRD5_TRANS_up
ATG_GPCR_EDNRA_TRANS_up
ATG_GPCR_GCGR_TRANS_up
ATG_GPCR_GPBAR1_TRANS_up
ATG_GPCR_GPR40_TRANS_up
ATG_GPCR_GQ_TRANS_up
ATG_GPCR_GS1_TRANS_up
ATG_GPCR_GS_TRANS_up
ATG_GPCR_HRH1_TRANS_up
ATG_GPCR_HTR6_TRANS_up
ATG_GPCR_HTR7_TRANS_up
ATG_GPCR_LPAR4_TRANS_up
ATG_GPCR_MC1R_TRANS_up
ATG_GPCR_MC2R_TRANS_up
ATG_GPCR_MC3R_TRANS_up
ATG_GPCR_MC4R_TRANS_up
ATG_GPCR_PTGDR_TRANS_up
ATG_GPCR_PTGIR_TRANS_up
Tanguay_ZF_120hpf_ActivityScore
BSK_BT_Bcell_Proliferation_up
BSK_BT_PBMCCytotoxicity_up
BSK_BT_sIgG_up
BSK_BT_xIL17A_up
BSK_BT_xIL17F_up
BSK_BT_xIL2_up
BSK_BT_xIL6_up
BSK_BT_xTNFa_up
BSK_MyoF_ACTA1_up
BSK_MyoF_bFGF_up
BSK_MyoF_VCAM1_up
BSK_MyoF_CollagenI_up
BSK_MyoF_CollagenIII_up
BSK_MyoF_CollagenIV_up
BSK_MyoF_IL8_up
BSK_MyoF_Decorin_up
BSK_MyoF_MMP1_up
BSK_MyoF_PAI1_up
BSK_MyoF_SRB_up
BSK_MyoF_TIMP1_up
STM_H9_Viability_norm
TOX21_AR_LUC_MDAKB2_Antagonist_0.5nM_R1881
TOX21_AR_LUC_MDAKB2_Antagonist_0.5nM_R1881_viability
TOX21_RXR_BLA_Agonist_ratio
TOX21_RXR_BLA_Agonist_viability
TOX21_AR_LUC_MDAKB2_Agonist_3uM_Nilutamide
TOX21_AR_LUC_MDAKB2_Agonist_3uM_Nilutamide_viability
CCTE_Simmons_GUA_TPO_dn
ArunA_CellTiter_hNP_dn
ArunA_CellTiter_hNC_dn
ArunA_Migration_hNP_dn
ArunA_Migration_hNC_dn
ArunA_NOG_NucleusCount_dn
ArunA_NOG_NeuriteLength_dn
ArunA_NOG_NeuritesPerNeuron_dn
ArunA_NOG_BranchPointsPerNeurite_dn
TOX21_RAR_LUC_Antagonist
TOX21_RAR_LUC_Antagonist_viability
TOX21_H2AX_HTRF_CHO_Agonist_ratio
TOX21_AP1_BLA_Agonist_ratio
TOX21_AP1_BLA_Agonist_viability
CCTE_Simmons_QuantiLum_inhib_2_dn
ACEA_AR_agonist_80hr
ACEA_AR_antagonist_80hr
ATG_chAR_XSP1_up
ATG_frAR_XSP1_up
ATG_hAR_XSP1_up
ATG_trAR_XSP1_up
ATG_zfAR_XSP1_up
ATG_frER1_XSP1_up
ATG_zfER1_XSP1_up
ATG_zfER2a_XSP1_up
ATG_zfER2b_XSP1_up
ATG_frER2_XSP1_up
ATG_chERa_XSP1_up
ATG_hERa_XSP1_up
ATG_trERa_XSP1_up
ATG_hERb_XSP1_up
ATG_GAL4_XSP1_up
ATG_M_06_XSP1_up
ATG_M_19_XSP1_up
ATG_M_32_XSP1_up
ATG_M_61_XSP1_up
ATG_hPPARg_XSP1_up
ATG_mPPARg_XSP1_up
ATG_zfPPARg_XSP1_up
ATG_mPXR_XSP1_up
ATG_frTRa_XSP1_up
ATG_hTRa_XSP1_up
ATG_trTRa_XSP1_up
ATG_zfTRa_XSP1_up
ATG_hTRb_XSP1_up
ATG_zfTRb_XSP1_up
ATG_XTT_Cytotoxicity_XSP1_up
ATG_M_06_XSP2_up
ATG_trERa_XSP2_up
ATG_hERb_XSP2_up
ATG_trAR_XSP2_up
ATG_GAL4_XSP2_up
ATG_zfER1_XSP2_up
ATG_chERa_XSP2_up
ATG_zfER2a_XSP2_up
ATG_hAR_XSP2_up
ATG_chAR_XSP2_up
ATG_frER1_XSP2_up
ATG_frAR_XSP2_up
ATG_zfAR_XSP2_up
ATG_zfER2b_XSP2_up
ATG_hERa_XSP2_up
ATG_M_19_XSP2_up
ATG_M_32_XSP2_up
ATG_frER2_XSP2_up
ATG_mPPARg_XSP2_up
ATG_zfPPARg_XSP2_up
ATG_hPPARg_XSP2_up
ATG_mPXR_XSP2_up
ATG_trTRa_XSP2_up
ATG_zfTRa_XSP2_up
ATG_zfTRb_XSP2_up
ATG_M_61_XSP2_up
ATG_frTRa_XSP2_up
ATG_hTRa_XSP2_up
ATG_hTRb_XSP2_up
ATG_XTT_Cytotoxicity_XSP2_up
CPHEA_Stoker_NIS_Inhibition_RAIU
TOX21_TSHR_HTRF_Agonist_ratio
TOX21_TSHR_HTRF_Antagonist_ratio
TOX21_TSHR_HTRF_wt_ratio
TOX21_CAR_Agonist
TOX21_CAR_Agonist_viabillity
TOX21_CAR_Antagonist
TOX21_CAR_Antagonist_viability
TOX21_ERa_LUC_VM7_Antagonist_0.1nM_E2
TOX21_ERa_LUC_VM7_Antagonist_0.1nM_E2_viability
TOX21_ERR_Agonist
TOX21_ERR_Antagonist
TOX21_HDAC_Inhibition
TOX21_HDAC_Inhibition_viability
TOX21_HRE_BLA_Agonist_ratio
TOX21_HRE_BLA_Agonist_viability
TOX21_LUC_Biochem
TOX21_PGC_ERR_Agonist
TOX21_PGC_ERR_Antagonist
TOX21_SHH_3T3_GLI3_Agonist
TOX21_SHH_3T3_GLI3_Agonist_viability
TOX21_SHH_3T3_GLI3_Antagonist
TOX21_SHH_3T3_GLI3_Antagonist_viability
CPHEA_Stoker_NIS_Cytotoxicity
TOX21_ERb_BLA_Antagonist_ratio
TOX21_ERb_BLA_Antagonist_viability
TOX21_ERb_BLA_Agonist_ratio
TOX21_ERb_BLA_Agonist_viability
TOX21_PR_BLA_Agonist_ratio
TOX21_PR_BLA_Agonist_viability
TOX21_PR_BLA_Antagonist_ratio
TOX21_PR_BLA_Antagonist_viability
TOX21_DT40_100
TOX21_DT40_657
CEETOX_H295R_11DCORT_noMTC_up
CEETOX_H295R_OHPREG_noMTC_up
CEETOX_H295R_OHPROG_noMTC_up
CEETOX_H295R_ANDR_noMTC_up
CEETOX_H295R_CORTIC_noMTC_up
CEETOX_H295R_CORTISOL_noMTC_up
CEETOX_H295R_DOC_noMTC_up
CEETOX_H295R_ESTRADIOL_noMTC_up
CEETOX_H295R_ESTRONE_noMTC_up
CEETOX_H295R_PROG_noMTC_up
CEETOX_H295R_TESTO_noMTC_up
TOX21_ERa_LUC_VM7_Agonist_10nM_ICI182780
TOX21_ERa_LUC_VM7_Agonist_10nM_ICI182780_viability
TOX21_PR_BLA_Followup_Agonist_ratio
TOX21_PR_BLA_Followup_Antagonist_ratio
TOX21_PR_BLA_Followup_Agonist_viability
TOX21_PR_BLA_Followup_Antagonist_viability
TOX21_PR_LUC_Followup_Agonist
TOX21_PR_LUC_Followup_Antagonist
TOX21_PR_LUC_Followup_Agonist_viability
TOX21_PR_LUC_Followup_Antagonist_viability
TOX21_TR_LUC_GH3_Agonist_Followup
TOX21_TR_LUC_GH3_Antagonist_Followup
TOX21_TRA_COA_Agonist_Followup_ratio
TOX21_TRA_COA_Antagonist_Followup_ratio
TOX21_TRB_BLA_Agonist_Followup_ratio
TOX21_TRB_BLA_Agonist_Followup_viability
TOX21_TRB_BLA_Antagonist_Followup_ratio
TOX21_TRB_BLA_Antagonist_Followup_viability
TOX21_TRB_COA_Agonist_Followup_ratio
TOX21_TRB_COA_Antagonist_Followup_ratio
TOX21_TR_RXR_BLA_Agonist_Followup_ratio
TOX21_TR_RXR_BLA_Agonist_Followup_viability
TOX21_TR_RXR_BLA_Antagonist_Followup_ratio
TOX21_TR_RXR_BLA_Antagonist_Followup_viability
CCTE_Harrill_HTTr_Viability_DMEM_6hr
CCTE_Harrill_HTTr_Viability_PRF_DMEM_6hr
CCTE_Harrill_HTTr_Apoptosis_DMEM_6hr
CCTE_Harrill_HTTr_Apoptosis_PRF_DMEM_6hr
CCTE_Harrill_HTTr_Viability_DMEM_12hr
CCTE_Harrill_HTTr_Viability_DMEM_24hr
CCTE_Harrill_HTTr_Viability_PRF_DMEM_12hr
CCTE_Harrill_HTTr_Viability_PRF_DMEM_24hr
CCTE_Harrill_HTTr_Apoptosis_DMEM_12hr
CCTE_Harrill_HTTr_Apoptosis_DMEM_24hr
CCTE_Harrill_HTTr_Apoptosis_PRF_DMEM_12hr
CCTE_Harrill_HTTr_Apoptosis_PRF_DMEM_24hr
CCTE_GLTED_hDIO1_dn
TOX21_PXR_Agonist
TOX21_TRHR_HEK293_Agonist
TOX21_TRHR_HEK293_Antagonist
TOX21_CASP3_HEPG2
TOX21_CASP3_HEPG2_viability
TOX21_CASP3_CHO
TOX21_CASP3_CHO_viability
TOX21_SBE_BLA_Antagonist_ratio
TOX21_SBE_BLA_Antagonist_viability
TOX21_SBE_BLA_Agonist_ratio
TOX21_SBE_BLA_Agonist_viability
UPITT_HCI_U2OS_AR_TIF2_Nucleoli_Antagonist
UPITT_HCI_U2OS_AR_TIF2_Nucleoli_Agonist
UPITT_HCI_U2OS_AR_TIF2_Nucleoli_Cytoplasm_Ratio_Antagonist
UPITT_HCI_U2OS_AR_TIF2_Nucleoli_Cytoplasm_Ratio_Agonist
CCTE_Simmons_MITO_basal_resp_rate_OCR_up
CCTE_Simmons_MITO_max_resp_rate_OCR_up
CCTE_Simmons_MITO_inhib_resp_rate_OCR_up
CCTE_Harrill_HTTr_Viability_MCF7_DMEM_6hr
CCTE_Harrill_HTTr_Apoptosis_MCF7_DMEM_6hr
CCTE_Shafer_MEA_acute_spike_number_up
CCTE_Shafer_MEA_acute_firing_rate_mean_up
CCTE_Shafer_MEA_acute_burst_number_up
CCTE_Shafer_MEA_acute_burst_duration_mean_up
CCTE_Shafer_MEA_acute_per_burst_spike_number_mean_up
CCTE_Shafer_MEA_acute_interburst_interval_mean_up
CCTE_Shafer_MEA_acute_burst_percentage_mean_up
CCTE_Shafer_MEA_acute_burst_percentage_std_up
CCTE_Shafer_MEA_acute_per_network_burst_spike_number_mean_up
CCTE_Shafer_MEA_acute_per_network_burst_spike_number_std_up
CCTE_Shafer_MEA_acute_per_network_burst_electrodes_number_mean_up
CCTE_Shafer_MEA_acute_network_burst_percentage_up
CCTE_Shafer_MEA_acute_cross_correlation_area_up
CCTE_Shafer_MEA_acute_cross_correlation_HWHM_up
CCTE_Shafer_MEA_acute_synchrony_index_up
CCTE_Deisenroth_AIME_96WELL_LUC_Active_up
CCTE_Deisenroth_AIME_96WELL_CTox_Active_dn
CCTE_Deisenroth_AIME_96WELL_LUC_Inactive_up
CCTE_Deisenroth_AIME_96WELL_CTox_Inactive_dn
CCTE_Deisenroth_AIME_384WELL_LUC_Active_up
CCTE_Deisenroth_AIME_384WELL_CTox_Active_dn
CCTE_Deisenroth_AIME_384WELL_LUC_Inactive_up
CCTE_Deisenroth_AIME_384WELL_CTox_Inactive_dn
CCTE_Deisenroth_AIME_384WELL_LUC_Shift_up
CCTE_Deisenroth_AIME_384WELL_LUC_Shift_dn
CCTE_Shafer_MEA_dev_firing_rate_mean_up
CCTE_Shafer_MEA_dev_burst_rate_up
CCTE_Shafer_MEA_dev_active_electrodes_number_up
CCTE_Shafer_MEA_dev_bursting_electrodes_number_up
CCTE_Shafer_MEA_dev_per_burst_interspike_interval_up
CCTE_Shafer_MEA_dev_per_burst_spike_percent_up
CCTE_Shafer_MEA_dev_burst_duration_mean_up
CCTE_Shafer_MEA_dev_interburst_interval_mean_up
CCTE_Shafer_MEA_dev_network_spike_number_up
CCTE_Shafer_MEA_dev_network_spike_peak_up
CCTE_Shafer_MEA_dev_spike_duration_mean_up
CCTE_Shafer_MEA_dev_network_spike_duration_std_up
CCTE_Shafer_MEA_dev_inter_network_spike_interval_mean_up
CCTE_Shafer_MEA_dev_per_network_spike_spike_number_mean_up
CCTE_Shafer_MEA_dev_per_network_spike_spike_percent_up
CCTE_Shafer_MEA_dev_correlation_coefficient_mean_up
CCTE_Shafer_MEA_dev_mutual_information_norm_dn
CCTE_Shafer_MEA_dev_mutual_information_norm_up
CCTE_GLTED_hDIO2_dn
CCTE_GLTED_hDIO3_dn
CCTE_Shafer_MEA_acute_LDH_up
UKN5_HCS_SBAD2_neurite_outgrowth_dn
UKN5_HCS_SBAD2_neurite_outgrowth_up
UKN5_HCS_SBAD2_cell_viability_dn
UKN5_HCS_SBAD2_cell_viability_up
ERF_ADME_hCYP2A6_dn
ERF_ADME_hCYP2B6_dn
ERF_ADME_hCYP2C19_CEC_dn
ERF_ADME_hCYP2C19_Omeprazole_dn
ERF_ADME_hCYP2C8_dn
ERF_ADME_hCYP2C9_dn
ERF_ADME_hCYP2E1_dn
ERF_ADME_hCYP3A4_dn
ERF_ENZ_bPDE1_dn
ERF_ENZ_hABL1_dn
ERF_ENZ_hAKT2_dn
ERF_ENZ_hAKT3_dn
ERF_ENZ_hAURKA_dn
ERF_ENZ_hBTK_dn
ERF_ENZ_hCDK2_dn
ERF_ENZ_hCHK1_dn
ERF_ENZ_hCHLE_dn
ERF_ENZ_hCSF1R_dn
ERF_ENZ_hCSNK1A1_dn
ERF_ENZ_hCSNK1D_dn
ERF_ENZ_hCSNK2A1_dn
ERF_ENZ_hCYP19A1_dn
ERF_ENZ_hDUSP3_dn
ERF_ENZ_hDYRK1A_dn
ERF_ENZ_hEGFR_dn
ERF_ENZ_hELANE_dn
ERF_ENZ_hEPHA1_dn
ERF_ENZ_hEPHA2_dn
ERF_ENZ_hEPHB2_dn
ERF_ENZ_hFGFR1_dn
ERF_ENZ_hFGFR3_dn
ERF_ENZ_hFLT1_dn
ERF_ENZ_hFLT4_dn
ERF_ENZ_hFYN_dn
ERF_ENZ_hGSK3b_dn
ERF_ENZ_hHDAC6_dn
ERF_ENZ_hIRAK4_dn
ERF_ENZ_hJAK2_dn
ERF_ENZ_hKDR_dn
ERF_ENZ_hLCK_dn
ERF_ENZ_hLYN_dn
ERF_ENZ_hMAOA_dn
ERF_ENZ_hMAOB_dn
ERF_ENZ_hMAPK1_dn
ERF_ENZ_hMAPK11_dn
ERF_ENZ_hMAPKAPK2_dn
ERF_ENZ_hMAPKAPK5_dn
ERF_ENZ_hMARK1_dn
ERF_ENZ_hMET_dn
ERF_ENZ_hMMP3_dn
ERF_ENZ_hMMP9_dn
ERF_ENZ_hMSK1_dn
ERF_ENZ_hNEK2_dn
ERF_ENZ_hNTRK1_dn
ERF_ENZ_hPAK4_dn
ERF_ENZ_hPDE10A_dn
ERF_ENZ_hPDE4A_dn
ERF_ENZ_hPDE4D2_dn
ERF_ENZ_hPKD2_dn
ERF_ENZ_hPRKAA1_dn
ERF_ENZ_hPRKACA_dn
ERF_ENZ_hPRKCZ_dn
ERF_ENZ_hPTEN_dn
ERF_ENZ_hPTGS2_dn
ERF_ENZ_hPTPN11_dn
ERF_ENZ_hPTPRB_dn
ERF_ENZ_hPTPRF_dn
ERF_ENZ_hPTPRM_dn
ERF_ENZ_hRAF1
ERF_ENZ_hROCK1_dn
ERF_ENZ_hSGK1_dn
ERF_ENZ_hSIRT3_dn
ERF_ENZ_hSRC_dn
ERF_ENZ_hSYK_dn
ERF_ENZ_hZAP70_dn
ERF_ENZ_rACFSK_Agonist
ERF_ENZ_rACFSK_Antagonist
ERF_GPCR_binding_g5HT4_dn
ERF_GPCR_binding_gANPA_dn
ERF_GPCR_binding_hADORA1_up
ERF_GPCR_binding_hADORA2A_up
ERF_GPCR_binding_hADRA1A_dn
ERF_GPCR_binding_hADRA2A_dn
ERF_GPCR_binding_hADRA2C_dn
ERF_GPCR_binding_hADRB1_dn
ERF_GPCR_binding_hADRB2_dn
ERF_GPCR_binding_hADRB3_dn
ERF_GPCR_binding_hAGTR1_up
ERF_GPCR_binding_hAGTR2_up
ERF_GPCR_binding_hAVPR1A_up
ERF_GPCR_binding_hBDKRB2_up
ERF_GPCR_binding_hCCKAR_dn
ERF_GPCR_binding_hCCKBR_up
ERF_GPCR_binding_hCHRM1_dn
ERF_GPCR_binding_hCHRM2_dn
ERF_GPCR_binding_hCHRM3_dn
ERF_GPCR_binding_hCHRM4_dn
ERF_GPCR_binding_hCHRM5_dn
ERF_GPCR_binding_hCYSLTR1_up
ERF_GPCR_binding_hDRD1_dn
ERF_GPCR_binding_hDRD2_dn
ERF_GPCR_binding_hDRD4_dn
ERF_GPCR_binding_hGALR1_up
ERF_GPCR_binding_hHRH1_dn
ERF_GPCR_binding_hHTR1A_up
ERF_GPCR_binding_hHTR5A_up
ERF_GPCR_binding_hHTR6_up
ERF_GPCR_binding_hHTR7_up
ERF_GPCR_binding_hLTB4R_up
ERF_GPCR_binding_hNPY1R_up
ERF_GPCR_binding_hNPY2R_up
ERF_GPCR_binding_hNTSR1_up
ERF_GPCR_binding_hOPRD1_up
ERF_GPCR_binding_hOPRL1_up
ERF_GPCR_binding_hOPRM1_up
ERF_GPCR_binding_hOXTR_up
ERF_GPCR_binding_hTACR1_up
ERF_GPCR_binding_hTACR2_dn
ERF_GPCR_binding_hVIPR1_up
ERF_GPCR_binding_rGHB_dn
ERF_GPCR_binding_rPY2_up
ERF_IC_binding_rCACNA1C_Dihydropyridine_dn
ERF_IC_binding_rCACNA1C_Diltiazem_dn
ERF_IC_binding_rKCNJ1_dn
ERF_IC_binding_rKCNN1_dn
ERF_IC_binding_rSCN1A_dn
ERF_LGIC_binding_hGABRA1_up
ERF_LGIC_binding_rGLRA1_dn
ERF_LGIC_binding_rGRIA1_dn
ERF_LGIC_binding_rGRIK1_dn
ERF_LGIC_binding_rGRIN1_dn
ERF_MP_binding_hTSPO_dn
ERF_NR_binding_hAR_up
ERF_NR_binding_hFXR_Antagonist
ERF_NR_binding_hGR_up
ERF_NR_binding_hHTR2C_dn
ERF_NR_binding_hPGR_up
ERF_NR_binding_hPPARA_up
ERF_NR_binding_hPPARG_up
ERF_NR_binding_hRARa_up
ERF_NR_hTHRA_Agonist
ERF_NR_binding_rI2_dn
ERF_TR_binding_hSLC35B3_dn
ERF_TR_binding_hSLC6A2_dn
ERF_TR_binding_hSLC6A3_dn
ERF_TR_binding_hSLC6A4_dn
ERF_TR_binding_rSLC18A2_dn
ERF_TR_binding_rTSPO_dn
UKN2_HCS_IMR90_neural_migration_dn
UKN2_HCS_IMR90_neural_migration_up
UKN2_HCS_IMR90_cell_viability_dn
UKN2_HCS_IMR90_cell_viability_up
UKN4_HCS_LUHMES_neurite_outgrowth_dn
UKN4_HCS_LUHMES_neurite_outgrowth_up
UKN4_HCS_LUHMES_cell_viability_dn
UKN4_HCS_LUHMES_cell_viability_up
ERFPL_NR_binding_hPPARG_up
TAMU_PeakParms_SingleDonor1434_QT_Prolongation
TAMU_PeakParms_SingleDonor1434_Chronotropy_Positive
IUF_NPC1a_proliferation_BrdU_72hr_up
IUF_NPC1a_proliferation_BrdU_72hr_dn
IUF_NPC1a_proliferation_area_72hr_up
IUF_NPC1a_proliferation_area_72hr_dn
IUF_NPC1_viability_72hr_up
IUF_NPC1_viability_72hr_dn
CCTE_Mundy_HCI_hNP1_Casp3_7_gain
CCTE_Mundy_HCI_hN2_NOG_NeuronCount_loss
CCTE_Mundy_HCI_hN2_NOG_NeuriteLength_loss
CCTE_Mundy_HCI_hN2_NOG_NeuriteCount_loss
CCTE_Mundy_HCI_hN2_NOG_BPCount_loss
CCTE_Mundy_HCI_Cortical_NOG_NeuronCount_loss
CCTE_Mundy_HCI_Cortical_NOG_NeuriteLength_loss
CCTE_Mundy_HCI_Cortical_NOG_NeuriteCount_loss
CCTE_Mundy_HCI_Cortical_NOG_BPCount_loss
CCTE_Mundy_HCI_hNP1_CellTiter_loss
CCTE_Mundy_HCI_Cortical_Synap&Neur_Matur_NeuronCount_loss
CCTE_Mundy_HCI_Cortical_Synap&Neur_Matur_CellBodySpotCount_loss
CCTE_Mundy_HCI_Cortical_Synap&Neur_Matur_NeuriteSpotCountPerNeuron_loss
CCTE_Mundy_HCI_Cortical_Synap&Neur_Matur_NeuriteSpotCountPerNeuriteLength_loss
CCTE_Mundy_HCI_Cortical_Synap&Neur_Matur_NeuriteLength_loss
CCTE_Mundy_HCI_Cortical_Synap&Neur_Matur_NeuriteCount_loss
CCTE_Mundy_HCI_Cortical_Synap&Neur_Matur_BPCount_loss
CCTE_Mundy_HCI_Cortical_Synap&Neur_Matur_SynapseCount_loss
CCTE_Mundy_HCI_hNP1_Pro_ObjectCount_loss
CCTE_Mundy_HCI_hNP1_Pro_ResponderAvgInten_loss
CCTE_Mundy_HCI_hNP1_Pro_MeanAvgInten_loss
BSK_BF4T_MCP1_up
BSK_BF4T_Eotaxin3_up
BSK_BF4T_VCAM1_up
BSK_BF4T_ICAM1_up
BSK_BF4T_CD90_up
BSK_BF4T_IL8_up
BSK_BF4T_IL1a_up
BSK_BF4T_Keratin818_up
BSK_BF4T_MMP1_up
BSK_BF4T_MMP3_up
BSK_BF4T_MMP9_up
BSK_BF4T_PAI1_up
BSK_BF4T_SRB_up
BSK_BF4T_tPA_up
BSK_BF4T_uPA_up
BSK_BE3C_ICAM1_up
BSK_BE3C_ITAC_up
BSK_BE3C_IL8_up
BSK_BE3C_EGFR_up
BSK_BE3C_Keratin818_up
BSK_BE3C_MMP9_up
BSK_CASM3C_PAI1_up
BSK_hDFCGF_MCP1_up
BSK_hDFCGF_ICAM1_up
BSK_hDFCGF_CollagenI_up
BSK_hDFCGF_ITAC_up
BSK_hDFCGF_TIMP2_up
BSK_KF3CT_IL8_up
BSK_KF3CT_MIG_up
BSK_KF3CT_PAI1_up
BSK_IMphg_MCP1_up
BSK_IMphg_MIP1a_up
BSK_IMphg_VCAM1_up
BSK_IMphg_CD40_up
BSK_IMphg_ESelectin_up
BSK_IMphg_CD69_up
BSK_IMphg_IL8_up
BSK_IMphg_IL1a_up
BSK_IMphg_MCSF_up
BSK_IMphg_IL10_up
BSK_IMphg_SRB_up
BSK_IMphg_SRB.Mphg_up
BSK_LPS_Thrombomodulin_up
BSK_LPS_CD69_up
IUF_NPC2a_radial_glia_migration_72hr_up
IUF_NPC2a_radial_glia_migration_72hr_dn
IUF_NPC2a_ radial_glia_migration_120hr_up
IUF_NPC2a_ radial_glia_migration_120hr_dn
IUF_NPC2b_neuronal_migration_120hr_up
IUF_NPC2b_neuronal_migration_120hr_dn
IUF_NPC2c_oligodendrocyte_migration_120hr_up
IUF_NPC2c_oligodendrocyte_migration_120hr_dn
IUF_NPC3_neuronal_differentiation_120hr_up
IUF_NPC3_neuronal_differentiation_120hr_dn
IUF_NPC4_neurite_length_120hr_up
IUF_NPC4_neurite_length_120hr_dn
IUF_NPC4_neurite_area_120hr_up
IUF_NPC4_neurite_area_120hr_dn
IUF_NPC5_oligodendrocyte_differentiation_120hr_up
IUF_NPC5_oligodendrocyte_differentiation_120hr_dn
IUF_NPC2-5_cytotoxicity_72hr
IUF_NPC2-5_cytotoxicity_120hr
IUF_NPC2-5_cell_number_120hr_up
IUF_NPC2-5_cell_number_120hr_dn
IUF_NPC2-5_viability_120hr_up
IUF_NPC2-5_viability_120hr_dn
VALA_TUBHUV_Agonist_CellCount_dn
VALA_TUBHUV_Agonist_TubuleLength_up
VALA_TUBHUV_Antagonist_CellCount_dn
VALA_TUBHUV_Antagonist_TubuleLength_dn
VALA_TUBIPS_Agonist_CellCount_dn
VALA_TUBIPS_Agonist_TubuleLength_up
VALA_TUBIPS_Antagonist_CellCount_dn
VALA_TUBIPS_Antagonist_TubuleLength_dn
VALA_MIGHUV1_ScratchOnly_CellCount_dn
VALA_MIGHUV1_ScratchOnly_WoundArea_up
VALA_MIGHUV2_CellCount_dn
VALA_MIGHUV2_BCatenin_up
VALA_MIGHUV2_WoundArea_up
CCTE_GLTED_hIYD_dn
CCTE_Deisenroth_5AR NBTE_donor_up
CCTE_Deisenroth_5AR NBTE_acceptor_up
CCTE_Deisenroth_5AR NBTE_ratio_up
IUF_NPC1_cytotoxicity_72hr
CCTE_GLTED_hTBG_dn
CCTE_GLTED_hTTR_dn
CCTE_GLTED_hTPO_dn
CCTE_GLTED_xDIO3_dn
CCTE_GLTED_xIYD_dn
CCTE_Deisenroth_DEVTOX_RUES2-GLR_Endo_Sox17_up
CCTE_Deisenroth_DEVTOX_RUES2-GLR_Endo_Sox2_up
CCTE_Deisenroth_DEVTOX_RUES2-GLR_Endo_Bra_up
CCTE_Deisenroth_DEVTOX_RUES2-GLR_Endo_CellCount_up
ATG_hGR_EcoTox2_up
ATG_frGR_EcoTox2_up
ATG_rtGR_EcoTox2_up
ATG_jmGR_EcoTox2_up
ATG_zfGR_EcoTox2_up
ATG_hPPARa_EcoTox2_up
ATG_frPPARa_EcoTox2_up
ATG_rtPPARa_EcoTox2_up
ATG_jmPPARa_EcoTox2_up
ATG_zfPPARa_EcoTox2_up
ATG_hPPARg_EcoTox2_up
ATG_frPPARg_EcoTox2_up
ATG_rtPPARg_EcoTox2_up
ATG_jmPPARg_EcoTox2_up
ATG_zfPPARg_EcoTox2_up
ATG_hRXRb_EcoTox2_up
ATG_frRXRb_EcoTox2_up
ATG_rtRXRb_EcoTox2_up
ATG_jmRXRb_EcoTox2_up
ATG_zfRXRb_EcoTox2_up
ATG_hERa_EcoTox2_up
ATG_zfER1_EcoTox2_up
ATG_frER1_EcoTox2_up
ATG_hAR_EcoTox2_up
ATG_zfAR_EcoTox2_up
ATG_M_61_EcoTox2_up
ATG_M_06_EcoTox2_up
ATG_M_32_EcoTox2_up
ATG_M_19_EcoTox2_up