ACEA_ER_80hr
APR_HepG2_CellLoss_24hr
APR_HepG2_CellLoss_72hr
ATG_Ahr_CIS
ATG_AP_1_CIS
ATG_AP_2_CIS
ATG_BRE_CIS
ATG_C_EBP_CIS
ATG_CRE_CIS
ATG_DR4_LXR_CIS
ATG_DR5_RAR_CIS
ATG_E_Box_CIS
ATG_E2F_CIS
ATG_EGR_CIS
ATG_ERE_CIS
ATG_Ets_CIS
ATG_FoxA2_CIS
ATG_FoxO_CIS
ATG_GATA_CIS
ATG_GLI_CIS
ATG_GRE_CIS
ATG_HIF1a_CIS
ATG_HNF6_CIS
ATG_HSE_CIS
ATG_IR1_CIS
ATG_ISRE_CIS
ATG_MRE_CIS
ATG_Myb_CIS
ATG_Myc_CIS
ATG_NF_kB_CIS
ATG_NFI_CIS
ATG_NRF1_CIS
ATG_NRF2_ARE_CIS
ATG_Oct_MLP_CIS
ATG_p53_CIS
ATG_Pax6_CIS
ATG_PBREM_CIS
ATG_PPRE_CIS
ATG_PXRE_CIS
ATG_RORE_CIS
ATG_Sox_CIS
ATG_Sp1_CIS
ATG_SREBP_CIS
ATG_STAT3_CIS
ATG_TGFb_CIS
ATG_VDRE_CIS
ATG_Xbp1_CIS
ATG_AR_TRANS
ATG_CAR_TRANS
ATG_ERa_TRANS
ATG_ERRa_TRANS
ATG_ERRg_TRANS
ATG_FXR_TRANS
ATG_GR_TRANS
ATG_HNF4a_TRANS
ATG_LXRa_TRANS
ATG_LXRb_TRANS
ATG_NURR1_TRANS
ATG_PPARa_TRANS
ATG_PPARd_TRANS
ATG_PPARg_TRANS
ATG_PXR_TRANS
ATG_RARa_TRANS
ATG_RARb_TRANS
ATG_RARg_TRANS
ATG_RORb_TRANS
ATG_RORg_TRANS
ATG_RXRa_TRANS
ATG_RXRb_TRANS
ATG_THRa1_TRANS
ATG_VDR_TRANS
BSK_3C_Eselectin
BSK_3C_HLADR
BSK_3C_ICAM1
BSK_3C_IL8
BSK_3C_MCP1
BSK_3C_MIG
BSK_3C_Proliferation
BSK_3C_SRB
BSK_3C_Thrombomodulin
BSK_3C_TissueFactor
BSK_3C_uPAR
BSK_3C_VCAM1
BSK_4H_Eotaxin3
BSK_4H_MCP1
BSK_4H_Pselectin
BSK_4H_SRB
BSK_4H_uPAR
BSK_4H_VCAM1
BSK_4H_VEGFRII
BSK_BE3C_HLADR
BSK_BE3C_IL1a
BSK_BE3C_IP10
BSK_BE3C_MIG
BSK_BE3C_MMP1
BSK_BE3C_PAI1
BSK_BE3C_SRB
BSK_BE3C_tPA
BSK_BE3C_uPA
BSK_BE3C_uPAR
BSK_CASM3C_HLADR
BSK_CASM3C_IL6
BSK_CASM3C_IL8
BSK_CASM3C_LDLR
BSK_CASM3C_MCP1
BSK_CASM3C_MCSF
BSK_CASM3C_MIG
BSK_CASM3C_Proliferation
BSK_CASM3C_SAA
BSK_CASM3C_SRB
BSK_CASM3C_Thrombomodulin
BSK_CASM3C_TissueFactor
BSK_CASM3C_uPAR
BSK_CASM3C_VCAM1
BSK_hDFCGF_CollagenIII
BSK_hDFCGF_EGFR
BSK_hDFCGF_IL8
BSK_hDFCGF_IP10
BSK_hDFCGF_MCSF
BSK_hDFCGF_MIG
BSK_hDFCGF_MMP1
BSK_hDFCGF_PAI1
BSK_hDFCGF_Proliferation
BSK_hDFCGF_SRB
BSK_hDFCGF_TIMP1
BSK_hDFCGF_VCAM1
BSK_KF3CT_ICAM1
BSK_KF3CT_IL1a
BSK_KF3CT_IP10
BSK_KF3CT_MCP1
BSK_KF3CT_MMP9
BSK_KF3CT_SRB
BSK_KF3CT_TIMP2
BSK_KF3CT_uPA
BSK_LPS_CD40
BSK_LPS_Eselectin
BSK_LPS_IL1a
BSK_LPS_IL8
BSK_LPS_MCP1
BSK_LPS_MCSF
BSK_LPS_PGE2
BSK_LPS_SRB
BSK_LPS_TissueFactor
BSK_LPS_TNFa
BSK_LPS_VCAM1
BSK_SAg_CD38
BSK_SAg_CD40
BSK_SAg_CD69
BSK_SAg_Eselectin
BSK_SAg_IL8
BSK_SAg_MCP1
BSK_SAg_MIG
BSK_SAg_PBMCCytotoxicity
BSK_SAg_Proliferation
BSK_SAg_SRB
OT_AR_ARSRC1_0480
OT_AR_ARSRC1_0960
OT_ER_ERaERa_0480
OT_ER_ERaERa_1440
OT_ER_ERaERb_0480
OT_ER_ERaERb_1440
OT_ER_ERbERb_0480
OT_ER_ERbERb_1440
OT_ERa_GFPERaERE_0120
OT_ERa_GFPERaERE_0480
OT_FXR_FXRSRC1_0480
OT_FXR_FXRSRC1_1440
OT_NURR1_NURR1RXRa_0480
OT_NURR1_NURR1RXRa_1440
OT_PPARg_PPARgSRC1_0480
OT_PPARg_PPARgSRC1_1440
TOX21_AR_BLA_Agonist_ratio
TOX21_AR_BLA_Antagonist_ratio
TOX21_AR_BLA_Antagonist_viability
TOX21_AR_LUC_MDAKB2_Agonist
TOX21_AR_LUC_MDAKB2_Antagonist_10nM_R1881
TOX21_AR_LUC_MDAKB2_Antagonist_10nM_R1881_viability
TOX21_Aromatase_Inhibition
TOX21_Aromatase_Inhibition_viability
TOX21_ELG1_LUC_Agonist
TOX21_ELG1_LUC_Agonist_viability
TOX21_ERa_BLA_Agonist_ratio
TOX21_ERa_BLA_Antagonist_ratio
TOX21_ERa_BLA_Antagonist_viability
TOX21_ERa_LUC_VM7_Agonist
TOX21_ERa_LUC_VM7_Antagonist_0.5nM_E2
TOX21_ERa_LUC_VM7_Antagonist_0.5nM_E2_viability
TOX21_GR_BLA_Agonist_ratio
TOX21_GR_BLA_Antagonist_ratio
TOX21_GR_BLA_Antagonist_viability
TOX21_MMP_ratio
TOX21_PPARg_BLA_Agonist_ratio
TOX21_TR_LUC_GH3_Antagonist
TOX21_TR_LUC_GH3_Antagonist_viability
TOX21_AhR_LUC_Agonist
TOX21_AhR_LUC_Agonist_viability
TOX21_ARE_BLA_Agonist_ratio
TOX21_HSE_BLA_Agonist_ratio
TOX21_p53_BLA_p1_ratio
TOX21_FXR_BLA_Agonist_ratio
TOX21_FXR_BLA_Antagonist_ratio
TOX21_FXR_BLA_Antagonist_viability
TOX21_PPARd_BLA_Agonist_ratio
TOX21_PPARd_BLA_Antagonist_ratio
TOX21_PPARd_BLA_Antagonist_viability
TOX21_PPARg_BLA_Antagonist_ratio
TOX21_PPARg_BLA_Antagonist_viability
TOX21_VDR_BLA_Agonist_ratio
TOX21_VDR_BLA_Antagonist_ratio
TOX21_VDR_BLA_Antagonist_viability
TOX21_DT40
TOX21_ARE_BLA_agonist_viability
TOX21_HSE_BLA_agonist_viability
TOX21_p53_BLA_p1_viability
TOX21_FXR_BLA_agonist_viability
TOX21_PPARd_BLA_Agonist_viability
ATG_XTT_Cytotoxicity
TOX21_p53_BLA_p2_ratio
TOX21_p53_BLA_p2_viability
TOX21_p53_BLA_p3_ratio
TOX21_p53_BLA_p3_viability
TOX21_p53_BLA_p4_ratio
TOX21_p53_BLA_p4_viability
TOX21_p53_BLA_p5_ratio
TOX21_p53_BLA_p5_viability
TOX21_VDR_BLA_Agonist_viability
TOX21_ESRE_BLA_ratio
TOX21_ESRE_BLA_viability
TOX21_NFkB_BLA_agonist_ratio
TOX21_NFkB_BLA_agonist_viability
TOX21_RAR_LUC_Agonist
TOX21_RAR_LUC_Agonist_viability
TOX21_RORg_LUC_CHO_Antagonist
TOX21_RORg_LUC_CHO_Antagonist_viability
BSK_MyoF_SRB
TOX21_AR_LUC_MDAKB2_Antagonist_0.5nM_R1881
TOX21_AR_LUC_MDAKB2_Antagonist_0.5nM_R1881_viability
TOX21_RXR_BLA_Agonist_ratio
TOX21_RXR_BLA_Agonist_viability
TOX21_AR_LUC_MDAKB2_Agonist_3uM_Nilutamide
TOX21_AR_LUC_MDAKB2_Agonist_3uM_Nilutamide_viability
TOX21_RAR_LUC_Antagonist
TOX21_RAR_LUC_Antagonist_viability
TOX21_H2AX_HTRF_CHO_Agonist_ratio
TOX21_AP1_BLA_Agonist_ratio
TOX21_AP1_BLA_Agonist_viability
ACEA_AR_agonist_AUC_viability
ACEA_ER_AUC_viability
ACEA_AR_antagonist_AUC_viability
TOX21_TSHR_HTRF_Agonist_ratio
TOX21_TSHR_HTRF_Antagonist_ratio
TOX21_TSHR_wt_Agonist_HTRF_ratio
TOX21_CAR_Agonist
TOX21_CAR_Agonist_viability
TOX21_CAR_Antagonist
TOX21_CAR_Antagonist_viability
TOX21_ERa_LUC_VM7_Antagonist_0.1nM_E2
TOX21_ERa_LUC_VM7_Antagonist_0.1nM_E2_viability
TOX21_ERR_Agonist
TOX21_ERR_Antagonist
TOX21_ERR_viability
TOX21_H2AX_HTRF_CHO_viability
TOX21_HDAC_Inhibition
TOX21_HDAC_Inhibition_viability
TOX21_HRE_BLA_Agonist_ratio
TOX21_HRE_BLA_Agonist_viability
TOX21_PGC_ERR_Agonist
TOX21_PGC_ERR_Antagonist
TOX21_PGC_ERR_viability
TOX21_RT_HEK293_FLO_08hr_viability
TOX21_RT_HEK293_FLO_16hr_viability
TOX21_RT_HEK293_FLO_24hr_viability
TOX21_RT_HEK293_FLO_32hr_viability
TOX21_RT_HEK293_FLO_40hr_viability
TOX21_RT_HEK293_GLO_08hr_viability
TOX21_RT_HEK293_GLO_16hr_viability
TOX21_RT_HEK293_GLO_24hr_viability
TOX21_RT_HEK293_GLO_32hr_viability
TOX21_RT_HEK293_GLO_40hr_viability
TOX21_RT_HEPG2_FLO_08hr_viability
TOX21_RT_HEPG2_FLO_16hr_viability
TOX21_RT_HEPG2_FLO_24hr_viability
TOX21_RT_HEPG2_FLO_32hr_viability
TOX21_RT_HEPG2_FLO_40hr_viability
TOX21_RT_HEPG2_GLO_08hr_viability
TOX21_RT_HEPG2_GLO_16hr_viability
TOX21_RT_HEPG2_GLO_32hr_viability
TOX21_RT_HEPG2_GLO_40hr_viability
TOX21_SHH_3T3_GLI3_Agonist
TOX21_SHH_3T3_GLI3_Agonist_viability
TOX21_SHH_3T3_GLI3_Antagonist
TOX21_SHH_3T3_GLI3_Antagonist_viability
TOX21_ERb_BLA_Antagonist_ratio
TOX21_ERb_BLA_Antagonist_viability
TOX21_ERb_BLA_Agonist_ratio
TOX21_ERb_BLA_Agonist_viability
TOX21_PR_BLA_Agonist_ratio
TOX21_PR_BLA_Agonist_viability
TOX21_PR_BLA_Antagonist_ratio
TOX21_PR_BLA_Antagonist_viability
TOX21_DT40_100
TOX21_DT40_657
TOX21_ERa_LUC_VM7_Agonist_10nM_ICI182780
TOX21_ERa_LUC_VM7_Agonist_10nM_ICI182780_viability
TOX21_RT_HEPG2_GLO_24hr_viability
TOX21_PXR_viability
TOX21_PXR_agonist
TOX21_TRHR_HEK293_agonist
TOX21_TRHR_HEK293_antagonist
TOX21_CASP3_HEPG2
TOX21_CASP3_HEPG2_viability
TOX21_CASP3_CHO
TOX21_CASP3_CHO_viability
TOX21_SBE_BLA_Antagonist_ratio
TOX21_SBE_BLA_Antagonist_viability
TOX21_SBE_BLA_Agonist_ratio
TOX21_SBE_BLA_Agonist_viability
UPITT_HCI_U2OS_AR_TIF2_Nucleoli_Antagonist
UPITT_HCI_U2OS_AR_TIF2_Nucleoli_Agonist
UPITT_HCI_U2OS_AR_TIF2_Nucleoli_Cytoplasm_Ratio_Antagonist
UPITT_HCI_U2OS_AR_TIF2_Nucleoli_Cytoplasm_Ratio_Agonist
CCTE_Harrill_HTTr_Viability_MCF7
CCTE_Harrill_HTTr_Apoptosis_MCF7
BSK_BF4T_SRB
BSK_IMphg_SRB
BSK_IMphg_SRB.Mphg