ACEA_ER is a cell-based, single-readout assay that uses T47D, a human breast cell line, with measurements taken at 80 hours after chemical dosing in a 96-well or 384-well plate.
APR_HepG2_24hr is a cell-based, multiplexed-readout assay that uses HepG2, a human liver cell line, with measurements taken at 24 hours after chemical dosing in a 384-well plate.
APR_HepG2_72hr is a cell-based, multiplexed-readout assay that uses HepG2, a human liver cell line, with measurements taken at 72 hours after chemical dosing in a 384-well plate.
ATG_CIS is a cell-based, multiplexed-readout assay that uses HepG2, a human liver cell line, with measurements taken at 24 hours after chemical dosing in a 24-well plate.
ATG_TRANS is a cell-based, multiplexed-readout assay that uses HepG2, a human liver cell line, with measurements taken at 24 hours after chemical dosing in a 24-well plate.
BSK_3C is a cell-based, multiplexed-readout assay that uses umbilical vein endothelium, a human vascular primary cell, with measurements taken at 24 hours after chemical dosing in a 96-well plate.
BSK_4H is a cell-based, multiplexed-readout assay that uses umbilical vein endothelium, a human vascular primary cell, with measurements taken at 24 hours after chemical dosing in a 96-well plate.
BSK_BE3C is a cell-based, multiplexed-readout assay that uses bronchial epithelial cell, a human lung primary cell, with measurements taken at 24 hours after chemical dosing in a 96-well plate.
BSK_CASM3C is a cell-based, multiplexed-readout assay that uses umbilical vein endothelium and coronary artery smooth muscle cells, a human vascular primary cell co-culture, with measurements taken at 24 hours after chemical dosing in a 96-well plate.
BSK_hDFCGF is a cell-based, multiplexed-readout assay that uses foreskin fibroblast, a human skin primary cell, with measurements taken at 24 hours after chemical dosing in a 96-well plate.
BSK_KF3CT is a cell-based, multiplexed-readout assay that uses keratinocytes and foreskin fibroblasts, a human skin primary cell co-culture, with measurements taken at 24 hours after chemical dosing in a 96-well plate.
BSK_LPS is a cell-based, multiplexed-readout assay that uses umbilical vein endothelium and peripheral blood mononuclear cells, a human vascular primary cell co-culture, with measurements taken at 24 hours after chemical dosing in a 96-well plate.
BSK_SAg is a cell-based, multiplexed-readout assay that uses umbilical vein endothelium and peripheral blood mononuclear cells, a human vascular primary cell co-culture, with measurements taken at 24 hours after chemical dosing in a 96-well plate.
OT_AR_ARSRC1_0480 is a cell-based, single-readout assay that uses HEK293T, a human kidney cell line, with measurements taken at 8 hours after chemical dosing in a 384-well plate.
OT_AR_ARSRC1_0960 is a cell-based, single-readout assay that uses HEK293T, a human kidney cell line, with measurements taken at 16 hours after chemical dosing in a 384-well plate.
OT_ER_ERaERa_0480  is a cell-based assay that uses HEK293T, a human kidney cell line, with measurements taken at 8 hours after chemical dosing in a 384-well plate.
OT_ER_ERaERa_1440  is a cell-based assay that uses HEK293T, a human kidney cell line, with measurements taken at 24 hours after chemical dosing in a 384-well plate.
OT_ER_ERaERb_0480  is a cell-based assay that uses HEK293T, a human kidney cell line, with measurements taken at 8 hours after chemical dosing in a 384-well plate.
OT_ER_ERaERb_1440  is a cell-based assay that uses HEK293T, a human kidney cell line, with measurements taken at 24 hours after chemical dosing in a 384-well plate.
OT_ER_ERbERb_0480  is a cell-based assay that uses HEK293T, a human kidney cell line, with measurements taken at 8 hours after chemical dosing in a 384-well plate.
OT_ER_ERbERb_1440  is a cell-based assay that uses HEK293T, a human kidney cell line, with measurements taken at 24 hours after chemical dosing in a 384-well plate.
OT_ERa_GFPERaERE_0120 is a cell-based, single-readout assay that uses HeLa, a human cervix cell line, with measurements taken at 2 hours after chemical dosing in a 384-well plate.
OT_ERa_GFPERaERE_0480 is a cell-based, single-readout assay that uses HeLa, a human cervix cell line, with measurements taken at 8 hours after chemical dosing in a 384-well plate.
OT_FXR_FXRSRC1_0480  is a cell-based assay that uses HEK293T, a human kidney cell line, with measurements taken at 8 hours after chemical dosing in a 384-well plate.
OT_FXR_FXRSRC1_1440  is a cell-based assay that uses HEK293T, a human kidney cell line, with measurements taken at 24 hours after chemical dosing in a 384-well plate.
OT_NURR1_NURR1RXRa_0480  is a cell-based assay that uses HEK293T, a human kidney cell line, with measurements taken at 8 hours after chemical dosing in a 384-well plate.
OT_NURR1_NURR1RXRa_1440  is a cell-based assay that uses HEK293T, a human kidney cell line, with measurements taken at 24 hours after chemical dosing in a 384-well plate.
OT_PPARg_PPARgSRC1_0480  is a cell-based assay that uses HEK293T, a human kidney cell line, with measurements taken at 8 hours after chemical dosing in a 384-well plate.
OT_PPARg_PPARgSRC1_1440  is a cell-based assay that uses HEK293T, a human kidney cell line, with measurements taken at 24 hours after chemical dosing in a 384-well plate.
TOX21_AR_BLA_Agonist is a cell-based, single-readout assay that uses HEK293T, a human kidney cell line, with measurements taken at 24 hours after chemical dosing in a 1536-well plate.
TOX21_AR_BLA_Antagonist is a cell-based, single-readout assay that uses HEK293T, a human kidney cell line, with measurements taken at 24 hours after chemical dosing in a 1536-well plate.
TOX21_AR_LUC_MDAKB2_Agonist is a cell-based, single-readout assay that uses MDA-kb2, a human breast cell line, with measurements taken at 24 hours after chemical dosing in a 1536-well plate.
TOX21_AR_LUC_MDAKB2_Antagonist_10nM_R1881 is a cell-based, single-readout assay that uses MDA-kb2, a human breast cell line, with measurements taken at 24 hours after chemical dosing in a 1536-well plate. This is an secondary assay to TOX21_AR_LUC_MDAKB2_Agonist for antagonist specificity. 
TOX21_Aromatase_Inhibition is a cell-based, single-readout assay that uses MCF-7, a human breast cell line, with measurements taken at 24 hours after chemical dosing in a 1536-well plate.
TOX21_ELG1_LUC_Agonist is a cell-based, single-readout assay that uses HEK293T, a human kidney cell line, with measurements taken at 24 hours after chemical dosing in a 1536-well plate.
TOX21_ERa_BLA_Agonist is a cell-based, single-readout assay that uses HEK293T, a human kidney cell line, with measurements taken at 24 hours after chemical dosing in a 1536-well plate.
TOX21_ERa_BLA_Antagonist is a cell-based, single-readout assay that uses HEK293T, a human kidney cell line, with measurements taken at 24 hours after chemical dosing in a 1536-well plate.
TOX21_ERa_LUC_VM7_Agonist is a cell-based, single-readout assay that uses VM7, a human breast tissue cell line, with measurements taken at 22 hours after chemical dosing in a 1536-well plate.
TOX21_ERa_LUC_VM7_Antagonist_0.5nM_E2 is a cell-based, single-readout assay that uses VM7, a human breast tissue cell line, with measurements taken at 22 hours after chemical dosing in a 1536-well plate. This is a secondary assay for specificity to TOX21_ERa_LUC_VM7_Antagonist_0.1nM_E2.
TOX21_GR_BLA_Agonist is a cell-based, single-readout assay that uses HeLa, a human cervix cell line, with measurements taken at 24 hours after chemical dosing in a 1536-well plate.
TOX21_GR_BLA_Antagonist is a cell-based, single-readout assay that uses HeLa, a human cervix cell line, with measurements taken at 24 hours after chemical dosing in a 1536-well plate.
TOX21_MMP (Mitochondrial Membrane Potential) is a cell-based, single-readout assay that uses HepG2, a human liver cell line, with measurements taken at 24 hours after chemical dosing in a 1536-well plate.
TOX21_PPARg_BLA_Agonist is a cell-based, single-readout assay that uses HEK293T, a human kidney cell line, with measurements taken at 24 hours after chemical dosing in a 1536-well plate.
TOX21_TR_LUC_GH3_Antagonist is a cell-based, single-readout assay that uses GH3, a rat pituitary gland cell line, with measurements taken at 28 hours after chemical dosing in a 1536-well plate.
TOX21_AhR_LUC_Agonist is a cell-based, single-readout assay that uses HepG2, a human liver cell line, with measurements taken at 24 hours after chemical dosing in a 1536-well plate.
TOX21_ARE_BLA_Agonist is a cell-based, single-readout assay that uses HepG2, a human liver cell line, with measurements taken at 24 hours after chemical dosing in a 1536-well plate.
TOX21_HSE_BLA_Agonist is a cell-based, single-readout assay that uses HeLa, a human cervix cell line, with measurements taken at 24 hours after chemical dosing in a 1536-well plate.
TOX21_p53_BLA_p1 is a cell-based, single-readout assay that uses HCT116, a human intestinal cell line, with measurements taken at 24 hours after chemical dosing in a 1536-well plate.
TOX21_FXR_BLA_Agonist is a cell-based, single-readout assay that uses HEK293T, a human kidney cell line, with measurements taken at 24 hours after chemical dosing in a 1536-well plate.
TOX21_FXR_BLA_Antagonist is a cell-based, single-readout assay that uses HEK293T, a human kidney cell line, with measurements taken at 24 hours after chemical dosing in a 1536-well plate.
TOX21_PPARd_BLA_Agonist is a cell-based, single-readout assay that uses HEK293T, a human kidney cell line, with measurements taken at 24 hours after chemical dosing in a 1536-well plate.
TOX21_PPARd_BLA_Antagonist is a cell-based, single-readout assay that uses HEK293T, a human kidney cell line, with measurements taken at 24 hours after chemical dosing in a 1536-well plate.
TOX21_PPARg_BLA_Antagonist is a cell-based, single-readout assay that uses HEK293, a human kidney cell line, with measurements taken at 24 hours after chemical dosing in a 1536-well plate.
TOX21_VDR_BLA_Agonist is a cell-based, single-readout assay that uses HEK293T, a human kidney cell line, with measurements taken at 24 hours after chemical dosing in a 1536-well plate.
TOX21_VDR_BLA_Antagonist is a cell-based, single-readout assay that uses HEK293T, a human kidney cell line, with measurements taken at 24 hours after chemical dosing in a 1536-well plate.
TOX21_DT40 is a cell-based, single-readout assay that uses DT40, a chicken lymphoblast cell line, with measurements taken at 40 hours after chemical dosing in a 1536-well plate.
ATG_XTT_Cytotoxicity is a cell-based, single-readout assay that uses HepG2, a human liver cell line, with measurements taken at 24 hours after chemical dosing in a 24-well plate.
TOX21_p53_BLA_p2 is a cell-based, single-readout assay that uses HCT116, a human intestinal cell line, with measurements taken at 24 hours after chemical dosing in a 1536-well plate.
TOX21_p53_BLA_p3 is a cell-based, single-readout assay that uses HCT116, a human intestinal cell line, with measurements taken at 24 hours after chemical dosing in a 1536-well plate.
TOX21_p53_BLA_p4 is a cell-based, single-readout assay that uses HCT116, a human intestinal cell line, with measurements taken at 24 hours after chemical dosing in a 1536-well plate.
TOX21_p53_BLA_p5 is a cell-based, single-readout assay that uses HCT116, a human intestinal cell line, with measurements taken at 24 hours after chemical dosing in a 1536-well plate.
TOX21_ESRE_BLA is a cell-based, single-readout assay that uses HeLa, a human cervix cell line, with measurements taken at 24 hours after chemical dosing in a 1536-well plate.
TOX21_NFkB_BLA_Agonist is a cell-based, single-readout assay that uses ME-180, a human cervix cell line, with measurements taken at 24 hours after chemical dosing in a 1536-well plate.
TOX21_RAR_LUC_Agonist is a cell-based, single-readout assay that uses C3H10T1/2, a mouse sarcoma cell line, with measurements taken at 6 hours after chemical dosing in a 1536-well plate.
TOX21_RORg_LUC_CHO_Antagonist is a cell-based, single-readout assay that uses CHO-K1, a chinese hamster ovary cell line, with measurements taken at 17 hours after chemical dosing in a 1536-well plate.
BSK_MyoF is a cell-based, multiplexed-readout assay that uses lung fibroblasts, a human vascular primary cell, with measurements taken at 24 hours after chemical dosing in a microplate: 96-well plate.
TOX21_AR_LUC_MDAKB2_Antagonist_0.5nM_R1881 is a cell-based, single-readout assay that uses MDA-kb2, a human breast cell line, with measurements taken at 24 hours after chemical dosing in a 1536-well plate. 
TOX21_RXR_BLA_Agonist is a cell-based, single-readout assay that uses HEK293T, a human kidney cell line, with measurements taken at 24 hours after chemical dosing in a 1536-well plate.
TOX21_AR_LUC_MDAKB2_Agonist_3uM_Nilutamide is a cell-based, single-readout assay that uses MDA-kb2, a human breast cell line, with measurements taken at 24 hours after chemical dosing in a 1536-well plate. This is an secondary assay to TOX21_AR_LUC_MDAKB2_Agonist for agonist specificity. This particular screening for measuring luciferase reporter gene activity using MDA-kb2 cells against Tox21 10K library compounds is a confirmation study on agonist mode screening in the presence of AR-antagonist compound (Nilutamide) at 3.0uM final concentration. 
TOX21_RAR_LUC_Antagonist is a cell-based, single-readout assay that uses C3H10T1/2, a mouse sarcoma cell line, with measurements taken at 6 hours after chemical dosing in a 1536-well plate.
TOX21_H2AX_HTRF_CHO_Agonist is a cell-based, single-readout assay that uses CHO-K1, a chinese hamster ovary cell line, with measurements taken at 24 hours after chemical dosing in a 1536-well plate.
TOX21_AP1_BLA_Agonist is a cell-based, single-readout assay that uses ME-180, a human cervix cell line, with measurements taken at 24 hours after chemical dosing in a 1536-well plate.
ACEA_AR_agonist is a cell-based, single-readout assay that uses 22Rv1, a human prostate cancer cell line, with measurements taken at 80 hours after chemical dosing in a 96-well or 384-well plate.
ACEA_AR_antagonist is a cell-based, single-readout assay that uses 22Rv1, a human prostate cancer cell line, with measurements taken at 80 hours after chemical dosing in a 96-well or 384-well plate.
Tox21_TSHR_Agonist  is a cell-based, single-readout assay that uses HEK293T, a human kidney cell line, with measurements taken at 0.5 hours after chemical dosing in a 1536-well plate.
Tox21_TSHR_Antagonist  is a cell-based, single-readout assay that uses HEK293T, a human kidney cell line, with measurements taken at 0.5 hours after chemical dosing in a 1536-well plate.
Tox21_TSHR_wt  is a cell-based, single-readout assay that uses HEK293T, a human kidney cell line, with measurements taken at 0.5 hours after chemical dosing in a 1536-well plate.
TOX21_CAR_Agonist is a cell-based, single-readout assay that uses HepG2, a human liver cell line, with measurements taken at 24 hours after chemical dosing in a 1536-well plate.
TOX21_CAR_Antagonist is a cell-based, single-readout assay that uses HepG2, a human liver cell line, with measurements taken at 24 hours after chemical dosing in a 1536-well plate.
TOX21_ERa_LUC_VM7_Antagonist_0.1nM_E2 is a cell-based, single-readout assay that uses VM7, a human breast tissue cell line, with measurements taken at 48 hours after chemical dosing in a 1536-well plate.
TOX21_ERR is a cell-based, single-readout assay that uses ERR-HEK293T, a human kidney cell line, with measurements taken at 24 hours after chemical dosing in a 1536-well plate.
TOX21_HDAC_Inhibition is a cell-based, single-readout assay that uses HCT-116, a human colon cell line, with measurements taken at 24 hours after chemical dosing in a 1536-well plate.
TOX21_HRE_BLA_Agonist is a cell-based, single-readout assay that uses ME-180, a human cervix cell line, with measurements taken at 24 hours after chemical dosing in a 1536-well plate.
TOX21_PGC_ERR is a cell-based, single-readout assay that uses PGC/ERR HEK293T, a human kidney cell line, with measurements taken at 24 hours after chemical dosing in a 1536-well plate.
TOX21_RT_HEK293 is a cell-based, single-readout assay that uses HEK293, a human kidney cell line, with measurements taken at 24 hours after chemical dosing in a 1536-well plate.
TOX21_RT_HEPG2 is a cell-based, single-readout assay that uses HepG2, a human liver cell line, with measurements taken at 24 hours after chemical dosing in a 1536-well plate.
TOX21_SHH_3T3_GLI3_Agonist is a cell-based, single-readout assay that uses NIH/3T3, a mouse embryo cell line, with measurements taken at 24 hours after chemical dosing in a 1536 well.
TOX21_SHH_3T3_GLI3_Antagonist is a cell-based, single-readout assay that uses NIH/3T3, a mouse embryo cell line, with measurements taken at 24 hours after chemical dosing in a 1536 well.
TOX21_ERb_BLA_Antagonist is a cell-based, single-readout assay that uses HEK293T, a human kidney cell line, with measurements taken at 24 hours after chemical dosing in a 1536-well plate.
TOX21_ERb_BLA_Agonist is a cell-based, single-readout assay that uses HEK293T, a human kidney cell line, with measurements taken at 24 hours after chemical dosing in a 1536-well plate.
TOX21_PR_BLA_Agonist is a cell-based, single-readout assay that uses transfected HEK293T, a human kidney cell line, with measurements taken at 24 hours after chemical dosing in a 1536-well plate. To identify the compounds that stimulate PR signaling, a PR-UAS-bla GripTite cell line i.e. PR-UAS-bla HEK293T (Invitrogen, Carlsbad, CA, USA) containing a beta-lactamase reporter gene under the control of an UAS response element was used to screen Tox21 10K compound library. The cytotoxicity of the Tox21 compound library against the PR-bla cell line was tested in parallel by measuring the cell viability using CellTiter-Glo assay in the same wells.
TOX21_PR_BLA_Antagonist is a cell-based, single-readout assay that uses transfected HEK293T, a human kidney cell line, with measurements taken at 24 hours after chemical dosing in a 1536-well plate. To identify the compounds that stimulate PR signaling, a PR-UAS-bla GripTite cell line i.e. PR-UAS-bla HEK293T (Invitrogen, Carlsbad, CA, USA) containing a beta-lactamase reporter gene under the control of an UAS response element was used to screen Tox21 10K compound library. The cytotoxicity of the Tox21 compound library against the PR-bla cell line was tested in parallel by measuring the cell viability using CellTiter-Glo assay in the same wells. 
TOX21_ERa_LUC_VM7_Agonist_10nM_ICI182780 is a cell-based, single-readout assay that uses VM7, a human breast tissue cell line, with measurements taken at 22 hours after chemical dosing in a 1536-well plate. This is a secondary assay for specificity to TOX21_ERa_LUC_VM7_Agonist.
The TOX21_PXR is a cell-based, single-readout assay that uses HepG2, a human liver cell line, with measurements taken at 24 hours after chemical dosing on a microplate: 1536-well plate. To screen Tox21 libraries for compounds that activate hPXR-mediated CYP3A4 gene expression, PXR-Luc HepG2 cells were used. Cytotoxicity of the compounds was tested in parallel by measuring the cell viability using CellTiter-Fluor assay system in the same wells.
TOX21_TRHR_HEK293 assay is a cell-based assay, single-readout assay that uses HEK293T, a human kidney cell line, with measurements taken at 24 hours after chemical dosing in a 1536-well plate. It has the potential to screen G protein-coupled receptors. A compound/drug can either activate (agonist) or suppress (antagonist) GPCRs that can be monitored by levels of intracellular calcium. Using this assay, the Tox21 10K compound library was screened to identify potential TRHR agonists.
The TOX21_CASP3_HEPG2 is a cell-based, single-readout assay that uses HepG2, a human liver cell line, with measurements taken at 16 hours after chemical dosing on a microplate: 1536-well plate. To identify small molecule compounds that induce apoptosis, a homogeneous, luminescent Caspase-Glo 3/7 assay was used. HepG2 cells were used to screen Tox21 libraries for identifying caspase-3/7 activity inducers. Cytotoxicity of the compounds was tested in parallel by measuring the cell viability using CellTiter-Fluor assay system in the same wells.
The TOX21_CASP3_CHO is a cell-based, single-readout assay that uses CHO-K1, a hamster ovary cell line, with measurements taken at 16 hours after chemical dosing on a microplate: 1536-well plate.  To identify small molecule compounds that induce apoptosis, a homogeneous, luminescent Caspase-Glo 3/7 assay was used. Wild type CHO-K1 cells were used to screen Tox21 libraries for identifying caspase-3/7 activity inducers. Cytotoxicity of the compounds was tested in parallel by measuring the cell viability using CellTiter-Fluor assay system in the same wells.
The TOX21_SBE_BLA_Antagonist is a cell-based, single-readout assay that uses HEK293T , a human kidney cell line, with measurements taken at 5 hours after chemical dosing on a microplate: 1536-well plate. This cell line contains a beta-lactamase reporter gene under control of the Smad binding element (SBE) stably integrated into HEK 293T cells. Cytotoxicity of the compounds was tested in parallel by measuring the cell viability using CellTiter-Glo assay system in the same wells.
The TOX21_SBE_BLA_Agonist is a cell-based, single-readout assay that uses HEK293T , a human kidney cell line, with measurements taken at 5 hours after chemical dosing on a microplate: 1536-well plate. This cell line contains a beta-lactamase reporter gene under control of the Smad binding element (SBE) stably integrated into HEK 293T cells. Cytotoxicity of the compounds was tested in parallel by measuring the cell viability using CellTiter-Glo assay system in the same wells.
UPITT_AR_TIF2_PPIB is a cell-based, high-content imaging assay that uses U2OS, a human osteosarcoma cell line, expressing a human androgen receptor fused to red fluorescent protein and the coactivator TIF2 fused to green fluorescent protein. 
This is a cell-based assay that evaluates cell viability using high content imaging  to evaluate membrane integrity using propidium iodide dye exclusion in a 384 well format.
This is a cell-based assay that evaluates apoptosis using high content imaging to evaluate activation of caspase-3/7 using the CellEvent Caspase 3/7 Green detection reagent in 384-well format.
BSK_BF4T is a cell-based, multiplexed-readout assay that uses bronchial epithelial cells and dermal fibroblasts, a human vascular primary cell, with measurements taken at 24 hours after chemical dosing in a microplate: 96-well plate.
BSK_IMphg is a cell-based, multiplexed-readout assay that uses venular endothelial cells and macrophages, a human vascular primary cell, with measurements taken at 24 hours after chemical dosing in a microplate: 96-well plate.