ACEA_ER
APR_HepG2_24hr
APR_HepG2_72hr
ATG_CIS
ATG_TRANS
BSK_3C
BSK_4H
BSK_BE3C
BSK_CASM3C
BSK_hDFCGF
BSK_KF3CT
BSK_LPS
BSK_SAg
OT_AR_ARSRC1_0480
OT_AR_ARSRC1_0960
OT_ER_ERaERa_0480
OT_ER_ERaERa_1440
OT_ER_ERaERb_0480
OT_ER_ERaERb_1440
OT_ER_ERbERb_0480
OT_ER_ERbERb_1440
OT_ERa_GFPERaERE_0120
OT_ERa_GFPERaERE_0480
OT_FXR_FXRSRC1_0480
OT_FXR_FXRSRC1_1440
OT_NURR1_NURR1RXRa_0480
OT_NURR1_NURR1RXRa_1440
OT_PPARg_PPARgSRC1_0480
OT_PPARg_PPARgSRC1_1440
TOX21_AR_BLA_Agonist
TOX21_AR_BLA_Antagonist
TOX21_AR_LUC_MDAKB2_Agonist
TOX21_AR_LUC_MDAKB2_Antagonist_10nM_R1881
TOX21_Aromatase_Inhibition
TOX21_ELG1_LUC_Agonist
TOX21_ERa_BLA_Agonist
TOX21_ERa_BLA_Antagonist
TOX21_ERa_LUC_VM7_Agonist
TOX21_ERa_LUC_VM7_Antagonist_0.5nM_E2
TOX21_GR_BLA_Agonist
TOX21_GR_BLA_Antagonist
TOX21_MMP
TOX21_PPARg_BLA_Agonist
TOX21_TR_LUC_GH3_Antagonist
TOX21_AhR_LUC_Agonist
TOX21_ARE_BLA_Agonist
TOX21_HSE_BLA_Agonist
TOX21_p53_BLA_p1
TOX21_FXR_BLA_Agonist
TOX21_FXR_BLA_Antagonist
TOX21_PPARd_BLA_Agonist
TOX21_PPARd_BLA_Antagonist
TOX21_PPARg_BLA_Antagonist
TOX21_VDR_BLA_Agonist
TOX21_VDR_BLA_Antagonist
TOX21_DT40
ATG_XTT_Cytotoxicity
TOX21_p53_BLA_p2
TOX21_p53_BLA_p3
TOX21_p53_BLA_p4
TOX21_p53_BLA_p5
TOX21_ESRE_BLA
TOX21_NFkB_BLA_Agonist
TOX21_RAR_LUC_Agonist
TOX21_RORg_LUC_CHO_Antagonist
BSK_MyoF
TOX21_AR_LUC_MDAKB2_Antagonist_0.5nM_R1881
TOX21_RXR_BLA_Agonist
TOX21_AR_LUC_MDAKB2_Agonist_3uM_Nilutamide
TOX21_RAR_LUC_Antagonist
TOX21_H2AX_HTRF_CHO_Agonist
TOX21_AP1_BLA_Agonist
ACEA_AR_agonist
ACEA_AR_antagonist
TOX21_TSHR_Agonist
TOX21_TSHR_Antagonist
TOX21_TSHR_wt
TOX21_CAR_Agonist
TOX21_CAR_Antagonist
TOX21_ERa_LUC_VM7_Antagonist_0.1nM_E2
TOX21_ERR
TOX21_HDAC_Inhibition
TOX21_HRE_BLA_Agonist
TOX21_PGC_ERR
TOX21_RT_HEK293
TOX21_RT_HEPG2
TOX21_SHH_3T3_GLI3_Agonist
TOX21_SHH_3T3_GLI3_Antagonist
TOX21_ERb_BLA_Antagonist
TOX21_ERb_BLA_Agonist
TOX21_PR_BLA_Agonist
TOX21_PR_BLA_Antagonist
TOX21_ERa_LUC_VM7_Agonist_10nM_ICI182780
TOX21_PXR
TOX21_TRHR_HEK293
TOX21_CASP3_HEPG2
TOX21_CASP3_CHO
TOX21_SBE_BLA_Antagonist
TOX21_SBE_BLA_Agonist
UPITT_AR_TIF2_PPIB
CCTE_Harrill_HTTr_Viability
CCTE_Harrill_HTTr_Apoptosis
BSK_BF4T
BSK_IMphg