RT-CES
HCS Fluorescent Imaging
RT-PCR and Capillary electrophoresis
ELISA
Sulforhodamine staining
Alamar Blue Reduction
Protein-fragment Complementation
Microscopy
GAL4 b-lactamase reporter gene
CellTiter-Glo Luciferase-coupled ATP quantitation
homogenous mitochondrial membrane potential assay
CALUX luciferase quantitation
XTT cytotoxicity assay
Homogeneous Time Resolved Fluorescence
Fluorescence emission
RealTime-Glo MT Cell Viability Assay
Cell Titer Fluor assay
FDSS 7000EX kinetic plate reader 
Caspase-Glo 3/7
Cell Titer Fluor assay 