3249.0
2990.0
2696.0
2559.0
2408.0
2331.0
2310.0
2289.0
2232.0
2231.0
2218.0
2187.0
2169.0
2125.0
2092.0
2084.0
2055.0
1922.0
1899.0
1854.0
1769.0
1732.0
1663.0
1643.0
1609.0
1598.0
1592.0
1589.0
1588.0
1573.0
1530.0
1526.0
1504.0
1493.0
1491.0
1486.0
1481.0
1443.0
1415.0
1395.0
1393.0
1387.0
1365.0
1364.0
1354.0
1331.0
1324.0
1297.0
1288.0
1278.0
1273.0
1269.0
1259.0
1248.0
1238.0
1236.0
1160.0
1158.0
1150.0
1149.0
1145.0
1142.0
1122.0
1120.0
1119.0
1117.0
1113.0
1103.0
1094.0
1090.0
1086.0
1082.0
1068.0
1066.0
1053.0
1045.0
1043.0
1027.0
1010.0
1005.0
1000.0
997.0
991.0
985.0
976.0
973.0
970.0
947.0
945.0
938.0
928.0
905.0
892.0
864.0
852.0
850.0
827.0
815.0
814.0
813.0
803.0
801.0
790.0
785.0
783.0
779.0
776.0
773.0
766.0
764.0
742.0
741.0
738.0
726.0
722.0
721.0
719.0
712.0
709.0
701.0
683.0
679.0
659.0
648.0
647.0
646.0
644.0
642.0
637.0
636.0
631.0
630.0
627.0
626.0
620.0
617.0
615.0
607.0
605.0
604.0
595.0
593.0
590.0
587.0
585.0
579.0
578.0
575.0
573.0
569.0
568.0
567.0
566.0
564.0
554.0
553.0
551.0
550.0
547.0
546.0
543.0
541.0
540.0
539.0
538.0
537.0
536.0
534.0
533.0
531.0
530.0
527.0
526.0
525.0
523.0
521.0
519.0
518.0
516.0
513.0
511.0
509.0
503.0
499.0
497.0
492.0
489.0
485.0
484.0
483.0
472.0
470.0
466.0
464.0
463.0
462.0
461.0
456.0
451.0
444.0
443.0
437.0
436.0
431.0
429.0
427.0
423.0
422.0
421.0
419.0
418.0
416.0
415.0
414.0
413.0
412.0
407.0
405.0
402.0
400.0
395.0
392.0
390.0
385.0
382.0
378.0
376.0
375.0
373.0
370.0
367.0
366.0
364.0
361.0
359.0
352.0
351.0
350.0
349.0
348.0
347.0
345.0
339.0
336.0
335.0
333.0
332.0
331.0
330.0
329.0
327.0
325.0
322.0
321.0
317.0
316.0
315.0
314.0
310.0
308.0
306.0
305.0
303.0
302.0
301.0
300.0
298.0
297.0
292.0
291.0
290.0
288.0
286.0
283.0
282.0
279.0
278.0
277.0
275.0
274.0
269.0
267.0
266.0
265.0
262.0
260.0
259.0
256.0
254.0
253.0
247.0
246.0
245.0
241.0
240.0
239.0
237.0
231.0
230.0
228.0
227.0
226.0
225.0
224.0
223.0
219.0
216.0
214.0
210.0
207.0
204.0
203.0
202.0
198.0
197.0
195.0
194.0
193.0
191.0
190.0
189.0
186.0
185.0
182.0
178.0
177.0
173.0
171.0
170.0
169.0
168.0
166.0
163.0
161.0
160.0
158.0
150.0
140.0
136.0
122.0
116.0
111.0
105.0
99.0
94.0
93.0
91.0
87.0
79.0
72.0
66.0
65.0
63.0
56.0
54.0
47.0
42.0
36.0
35.0
33.0