6420.0
7507.0
6973.0
1926.0
7262.0
7339.0
7360.0
7381.0
7437.0
8267.0
8278.0
7130.0
7501.0
7544.0
7577.0
7585.0
8442.0
7747.0
7771.0
7816.0
2715.0
7937.0
8835.0
8027.0
8026.0
8889.0
8072.0
8078.0
8909.0
8082.0
8096.0
8140.0
8142.0
8994.0
7824.0
9007.0
8184.0
8189.0
8226.0
8255.0
3089.0
9105.0
8282.0
8304.0
8305.0
8315.0
8338.0
7993.0
9201.0
3196.0
3206.0
8396.0
8400.0
2150.0
8069.0
8432.0
3249.0
8510.0
8512.0
8520.0
9349.0
8525.0
8527.0
3362.0
8550.0
9380.0
8554.0
9385.0
8566.0
8223.0
9408.0
9411.0
8588.0
9429.0
8603.0
8616.0
8625.0
8627.0
9472.0
9488.0
3476.0
9492.0
8670.0
9502.0
8679.0
8685.0
8693.0
3511.0
9528.0
8370.0
8725.0
3548.0
3556.0
9591.0
192.0
1171.0
8817.0
9649.0
3658.0
9671.0
1036.0
9685.0
1222.0
8514.0
8516.0
1061.0
9713.0
8534.0
3705.0
3708.0
8544.0
8904.0
8907.0
342.0
8575.0
8928.0
9761.0
3758.0
8948.0
9775.0
3766.0
1323.0
8608.0
3801.0
9819.0
1189.0
3836.0
437.0
9852.0
3840.0
2767.0
1398.0
8682.0
3848.0
1404.0
1405.0
8687.0
1408.0
1409.0
3864.0
1418.0
3869.0
9062.0
1430.0
1431.0
3889.0
3891.0
1445.0
1448.0
1450.0
505.0
1457.0
9922.0
3912.0
3918.0
1467.0
1468.0
8751.0
1471.0
1481.0
1482.0
1484.0
1485.0
1488.0
3938.0
538.0
1492.0
9957.0
3944.0
1516.0
1497.0
1498.0
9133.0
3951.0
1502.0
1504.0
3957.0
9143.0
1510.0
1512.0
1514.0
3966.0
1519.0
571.0
573.0
3973.0
1526.0
1532.0
1536.0
611.0
1543.0
10009.0
1550.0
1551.0
1552.0
612.0
1585.0
1565.0
9203.0
9205.0
1572.0
1573.0
1574.0
628.0
1579.0
1584.0
640.0
1592.0
647.0
1599.0
9239.0
9243.0
1632.0
4062.0
662.0
663.0
9249.0
1636.0
666.0
1617.0
9252.0
1640.0
670.0
1622.0
1623.0
1628.0
8912.0
1633.0
684.0
1635.0
689.0
692.0
4095.0
1650.0
702.0
9292.0
1659.0
1660.0
8944.0
1665.0
1685.0
717.0
1689.0
10134.0
4123.0
723.0
1696.0
1683.0
733.0
735.0
760.0
9323.0
2722.0
745.0
4148.0
748.0
1700.0
1207.0
1702.0
751.0
9338.0
4153.0
754.0
8987.0
755.0
1706.0
757.0
759.0
4162.0
1714.0
1718.0
4167.0
768.0
776.0
1720.0
770.0
1725.0
1727.0
1749.0
778.0
1730.0
4181.0
1753.0
783.0
784.0
786.0
2770.0
792.0
4191.0
1744.0
793.0
794.0
1747.0
798.0
825.0
4201.0
9388.0
1756.0
806.0
807.0
833.0
810.0
815.0
817.0
1769.0
818.0
819.0
1770.0
843.0
822.0
824.0
1775.0
4225.0
9413.0
1286.0
831.0
1802.0
4237.0
9070.0
838.0
863.0
868.0
4246.0
1762.0
847.0
853.0
1805.0
856.0
857.0
882.0
9444.0
860.0
861.0
865.0
892.0
870.0
874.0
877.0
880.0
4281.0
1777.0
910.0
887.0
889.0
1807.0
891.0
9124.0
893.0
4293.0
902.0
894.0
903.0
10307.0
895.0
898.0
899.0
4306.0
931.0
911.0
4313.0
4314.0
915.0
939.0
916.0
918.0
4318.0
923.0
924.0
926.0
4335.0
944.0
952.0
972.0
9195.0
4366.0
4374.0
4379.0
4385.0
4391.0
1015.0
4393.0
4397.0
4399.0
9590.0
4411.0
1042.0
9604.0
1021.0
9614.0
4427.0
1028.0
3019.0
3024.0
4448.0
4450.0