409
270
407
127
51
50
397
49
403
258
387
363
48
71
405
381
7
69
56
47
121
62
265
55
63
264
401
46
261
61
64
37
414
2
367
0
54
41
395
45
150
260
35
40
386
28
34
22
266
149
135
380
384
32
17
44
103
26
58
68
268
57
66
139
65
373
38
1
393
370
8
20
53
375
70
394
59
457
365
271
115
376
67
374
43
42
27
98
5
13
60
92
93
433
293
424
36
19
126
6
389
18
422
10
369
33
257
24
110
122
364
52
385
296
9
30
15
131
398
3
156
160
12
372
102
267
31
136
11
294
263
114
73
165
204
25
124
235
233
16
23
170
201
95
423
133
390
211
232
128
125
205
221
234
300
231
21
112
99
172
175
14
168
177
227
208
216
230
236
97
360
179
259
123
242
425
163
382
113
181
226
416
118
399
209
159
167
224
130
173
297
301
100
171
162
237
421
174
4
228
214
207
239
311
251
169
206
482
412
219
200
225
303
182
223
304
222
306
213
197
29
72
411
246
96
329
119
305
400
241
326
178
391
252
273
210
229
188
185
377
193
346
215
345
350
147
186
272
356
313
396
220
199
379
187
245
274
248
269
129
298
247
189
314
192
335
420
383
253
353
94
281
191
218
212
337
322
406
134
276
368
336
196
280
278
120
195
217
198
117
307
87
176
289
166
238
249
317
183
104
250
299
418
330
341
254
319
146
161
351
340
203
361
89
108
410
180
352
342
83
332
327
277
338
164
318
321
202
80
358
302
194
359
106
39
184
316
244
243
111
366
284
331
90
290
320
408
78
109
417
343
285
309
190
291
440
74
413
404
292
286
325
81
362
275
279
312
315
101
240
77
347
328
419
355
378
349
116
85
310
339
84
262
354
283
308
287
105
107
76
348
132
141
333
75
357
324
157
388
334
323
288
155
344
86
91
371
148
144
142
151
145
82
153
158
137
392
88
143
79
415
282
402
138
295
256
255
152
154
140