non-steroidal
steroidal
cytotoxicity
orphan
zinc finger
organelle conformation
basic leucine zipper
steroidogenesis-related
transforming growth factor beta
tumor suppressor
xenobiotic
basic helix-loop-helix protein
xenobiotic metabolism
proliferation
POU domain protein
heat shock protein
histone H2A
basic helix-loop-helix leucine zipper
NA
MHC Class II
interferon regulatory factors
cell conformation
chemotactic factor
paired box protein
selectins
inflammatory factor
collagen
Smad protein
HMG box protein
thyrotropin-releasing hormone receptor
Immunoglobulin CAM
other cytokine
colony stimulating factor
plasmogen activator
rhodopsin-like receptor
plasmogen activator inhibitor
matrix metalloproteinase
interleukins
glucuronosyltransferase
NF-kappa B
hypoxia-response element
coagulation factor
fatty acid carrier protein
caspase
metalloproteinase inhibitor
insulin-like
nuclear factor I
HMG-CoA synthase
ABC transporter
serine protease
serine/threonine kinase
organic cation transporter
NR mediated metabolism
fatty acid synthase
dioxygenase
keratin
sulfotransferase
basic helix-turn-helix leucine zipper
Steatosis
LDL receptor
lipase
alkyl and aryl transferase
Cell proliferation, survival, death
steatosis
nuclear respiratory factors
apolipoproteins
arrest
receptor tyrosine kinase
oxidative stress
Oxidative Stress
winged helix-turn-helix
hormone carrier protein
organic anion transporter
cellular response to DNA damage stimulus
stat protein
JAK-STAT cytokine receptor
post-transcriptional regulation
C-N ligase
TNF receptor
forkhead box protein
homeobox protein
E2F transcription factor
serine/threonine phosphatase
ubiquinone
MYB proteins
Cellular remodeling
atpase
EGF-like domain
cysteine protease
GATA proteins
dual-specific phosphatase
hepatocyte growth factor
potassium channel
quinone-acceptor
stress response