pathway-specified
cellular
mitochondria
nucleus
transcription factor
protein-specified
protein-unspecified
receptor
enzyme
transporter
physical feature
11-Deoxycortisol
17alpha-hydroxypregnenolone
17alpha-hydroxyprogesterone
Androstenedione
Corticosterone
Cortisol
11-Deoxycorticosterone
Estradiol
Estrone
Progesterone
Testosterone
mRNA
miRNA
malformation
secretome metabolite
migration
morphology
Cortisol 
action potential
receptor  
action potential 
dna-unspecified
sphere size
cell count
enzyme activity