nuclear receptor
cell cycle
cell morphology
dna binding
background measurement
growth factor
cell adhesion molecules
cytokine
gpcr
kinase
protease
misc protein
protease inhibitor
cyp
esterase
phosphatase
hydrolase
oxidoreductase
lyase
methyltransferase
ion channel
transporter
steroid hormone
oxidase
apolipoprotein
catalase
membrane protein
cytokine receptor
mutagenicity response
ligase
transferase
filaments
microrna
malformation
metabolite
immunoglobulin
neurodevelopment
enzyme
deiodinase
apoptosis
growth factor receptor
mitochondria
neuroactivity
cyp 
epigenetic enzyme
stress response
cardiomyocyte function
dehalogenase
transcription factor