46 uM rifampicin 
1 nM T3
RU486
Rifampicin
tetraoctylammonium bromide
XCT790
Cyclopamine
Cyproterone acetate
FCCP
Beta-Naphthoflavone
4-hydroxytamoxifen
Nilutamide
NA
17b-Estradiol
Letrozole
Guggulsterone
T0901317
EGF
Rosiglitazone
TO-901317
ER50891
MG 132
Mifeprostone
Mitomycin C;Nutlin3
CITCO
GW9662
PK11195
Omeprazole
6-formylindolo carbazole
None
colchicine
MK886
R1881
17-AAG
Etoposide
Trichostatin A
9-cis-Retinoic acid
1alpha,25-Dihydroxy vitamin D3
Dexamethasone
TSH
Geldanamycin
Forskolin
4,5-alpha-Dihydrotestosterone
DMSO
Cobalt(II)chloride hexahydrate
Camptothecin;Anisomycin;Paclitaxel;CCCP
GW4064
Staurosporine
1 nM T293
Genistein
no TSH stimulation
GW0742
Retinol
Isoproterenol;Fenoterol
promegestone (R5020)
L-165,041
Paclitaxel;CCCP
(Z)-4-Hydroxytamoxifen
Camptothecin;Anisomycin
TRH
Chenodeoxycholic acid
dihydroxytestosterone (DHT)
6-alpha-Fluorotestosterone
TNFa
5-Fluorouridine
CDCA
T3
testosterone
Calcitriol
GW7647
Retinoic Acid
1a,25-Dihydroxyvitamin D3
6a-Fluorotestosterone
TGFb
SAG
GW1929