None
Thyroid Receptor Modulation
Progesterone Receptor Modulation
Cell Viability
Estrogen-related Receptor Modulation
Other Developmental Signaling Transcription Factors
Androgen Receptor Modulation
Estrogen Receptor Modulation
CardioTox_ER Alpha
Aromatase Activity Modulation
CardioTox_AroPro
Other Transcription Factors
Cell Cycle
CardioTox_AP-1
RAR-related Orphan Receptor Modulation
Retinoic Acid Receptor Modulation
Glucocorticoid Receptor Modulation
CardioTox_NR3C1
p53 Modulation
CardioTox_TP53
Constitutive Androstane Receptor Modulation
Aryl Hydrocarbon Receptor Modulation
CardioTox_AHR
Histone Modification
TSH Receptor Modulation
Retinoid X Receptor Modulation
Oxidative Stress
CardioTox_H1FA
Farnesoid X-activated Receptor Modulation
Apoptosis
CardioTox_PPARG
Peroxisome Proliferator Activated Receptor Modulation
Not Annotated
Inflammation
CardioTox_NFKB
DNA Damage