None
Thyroid Hormone - Thyroid Receptor Modulation
Cancer - KCC8: Receptor Mediated Effects
None
DART - Gene Expression
Other Steroid Hormone - Progesterone Receptor Modulation
DART - Progesterone Receptor Modulation
AcuteTox - Cytotoxicity
Cancer - KCC10: Cell Proliferation/Death/Energetics
Estrogen - Estrogen-related Receptor Modulation
DART - Estrogen-related Receptor Modulation
DART - Other Developmental Signaling Transcription Factors
DART - Androgen Receptor Modulation
Androgen - Androgen Receptor Modulation
Estrogen - Estrogen Receptor Modulation
DART - Estrogen Receptor Modulation
CardioTox - Endothelial Injury/Coagulation
DART - Steroid Hormone Metabolism
CardioTox - Cardiomyocyte/Myocardial Injury
Other Steroid Hormone - Steroid Hormone Metabolism
DART - Retinoic Acid Receptor Modulation
Other Steroid Hormone - Glucocorticoid Receptor Modulation
CardioTox - Change in Vasoactivity
AcuteTox - p53 Signaling Pathway
Cancer - KCC5: Oxidative Stress
Cancer - KCC2: Genotoxic Effects
DART - p53 Signaling Pathway
DART - Aryl Hydrocarbon Receptor Modulation
Cancer - KCC4: Epigenetic Alterations
Thyroid Hormone - TSH Receptor Modulation
Thyroid Hormone - Thyroid Hormone Metabolic Process
DART - Thyroid Hormone Metabolic Process
DART - Retinoid X Receptor Modulation
Cancer - KCC6: Chronic Inflammation
AcuteTox - Oxidative Stress
DART - Oxidative Stress