None
Thyroid Receptor Modulation
Gene Expression Regulation, Thyroid Signaling
Gene Expression Regulation, Steroid Hormone Nuclear Receptor
Progesterone Metabolic Process
Cell Viability Process
Gene Expression Regulation, Other Transcription Factors
Estrogen Metabolic Process
Gene Expression Regulation, Developmental Signaling
Androgen Metabolic Process
None
Aromatase Activity
Cell Cycle
Glucocorticoid Metabolic Process
p53 Signaling Pathway
Gene Expression Regulation, Xenobiotic Response
Histone Modification
Thyroid-stimulating Hormone Receptor Activity
Oxidative Stress
Apoptosis
Gene Expression Regulation, Fatty Acid Signaling
Unannotated
Inflammatory Response
DNA Damage