None
TOX21_TR_LUC_GH3_Antagonist
TOX21_PR_BLA_Antagonist_ratio
TOX21_RT_HEK293_GLO_40hr_viability
TOX21_RT_HEK293_GLO_32hr_viability
TOX21_ERR_Antagonist
TOX21_RT_HEK293_GLO_24hr_viability
TOX21_SHH_3T3_GLI3_Antagonist
TOX21_AR_BLA_Antagonist_ratio
TOX21_RT_HEK293_GLO_16hr_viability
TOX21_CASP3_CHO_viability
TOX21_ERb_BLA_Antagonist_ratio
TOX21_AR_LUC_MDAKB2_Antagonist_0.5nM_R1881
TOX21_TR_LUC_GH3_Antagonist_viability
TOX21_PXR_viability
TOX21_RT_HEK293_GLO_08hr_viability
TOX21_SHH_3T3_GLI3_Antagonist_viability
TOX21_ERa_LUC_VM7_Agonist
TOX21_ERb_BLA_Agonist_viability
TOX21_ERa_BLA_Antagonist_ratio
TOX21_PGC_ERR_Antagonist
TOX21_RT_HEK293_FLO_40hr_viability
TOX21_Aromatase_Inhibition
TOX21_SHH_3T3_GLI3_Agonist_viability
TOX21_ERb_BLA_Antagonist_viability
TOX21_ERR_viability
TOX21_SBE_BLA_Antagonist_ratio
TOX21_Aromatase_Inhibition_viability
TOX21_AR_BLA_Antagonist_viability
TOX21_RT_HEPG2_FLO_24hr_viability
TOX21_PGC_ERR_viability
TOX21_ERa_LUC_VM7_Antagonist_0.1nM_E2
TOX21_RT_HEK293_FLO_32hr_viability
TOX21_AR_LUC_MDAKB2_Antagonist_10nM_R1881
TOX21_CAR_Antagonist_viability
TOX21_HRE_BLA_Agonist_viability
TOX21_AP1_BLA_Agonist_ratio
TOX21_RXR_BLA_Agonist_viability
TOX21_VDR_BLA_Agonist_viability
TOX21_ERa_LUC_VM7_Antagonist_0.5nM_E2
TOX21_RORg_LUC_CHO_Antagonist
TOX21_RAR_LUC_Antagonist
ACEA_ER_AUC_viability
TOX21_PPARd_BLA_Agonist_viability
TOX21_RT_HEK293_FLO_24hr_viability
TOX21_RORg_LUC_CHO_Antagonist_viability
TOX21_GR_BLA_Antagonist_ratio
TOX21_PR_BLA_Antagonist_viability
TOX21_PR_BLA_Agonist_viability
TOX21_p53_BLA_p2_ratio
TOX21_H2AX_HTRF_CHO_viability
TOX21_AR_LUC_MDAKB2_Antagonist_10nM_R1881_viability
TOX21_CAR_Agonist
TOX21_AhR_LUC_Agonist_viability
TOX21_p53_BLA_p4_viability
TOX21_p53_BLA_p4_ratio
TOX21_CASP3_HEPG2_viability
TOX21_CAR_Antagonist
TOX21_AR_LUC_MDAKB2_Agonist_3uM_Nilutamide_viability
TOX21_p53_BLA_p1_ratio
TOX21_AhR_LUC_Agonist
TOX21_p53_BLA_p5_ratio
TOX21_ERa_LUC_VM7_Agonist_10nM_ICI182780_viability
TOX21_p53_BLA_p3_ratio
TOX21_RT_HEK293_FLO_16hr_viability
TOX21_RT_HEK293_FLO_08hr_viability
TOX21_AR_LUC_MDAKB2_Antagonist_0.5nM_R1881_viability
TOX21_ERa_LUC_VM7_Antagonist_0.5nM_E2_viability
TOX21_ARE_BLA_agonist_viability
TOX21_RT_HEPG2_GLO_40hr_viability
TOX21_MMP_viability
TOX21_ERa_LUC_VM7_Antagonist_0.1nM_E2_viability
TOX21_p53_BLA_p3_viability
TOX21_GR_BLA_Antagonist_viability
ACEA_AR_antagonist_80hr
TOX21_p53_BLA_p2_viability
ACEA_AR_antagonist_AUC_viability
TOX21_AR_BLA_Agonist_ratio
TOX21_NFkB_BLA_agonist_viability
TOX21_RT_HEPG2_FLO_08hr_viability
TOX21_H2AX_HTRF_CHO_Agonist_ratio
TOX21_AP1_BLA_Agonist_viability
TOX21_p53_BLA_p1_viability
TOX21_HDAC_Inhibition
TOX21_ELG1_LUC_Agonist_viability
TOX21_GR_BLA_Agonist_ratio
ACEA_AR_agonist_AUC_viability
TOX21_ERa_BLA_Agonist_ratio
ACEA_ER_80hr
TOX21_RAR_LUC_Agonist_viability
TOX21_FXR_BLA_agonist_viability
TOX21_ESRE_BLA_viability
TOX21_TSHR_HTRF_Agonist_ratio
TOX21_p53_BLA_p5_viability
TOX21_HSE_BLA_agonist_viability
TOX21_AR_LUC_MDAKB2_Agonist
OT_AR_ARSRC1_0960
TOX21_RXR_BLA_Agonist_ratio
UPITT_HCI_U2OS_AR_TIF2_Nucleoli_Antagonist
TOX21_HRE_BLA_Agonist_ratio
TOX21_ERa_BLA_Antagonist_viability
OT_FXR_FXRSRC1_0480
TOX21_SBE_BLA_Agonist_viability
TOX21_CASP3_HEPG2
TOX21_RAR_LUC_Antagonist_viability
TOX21_SBE_BLA_Antagonist_viability
OT_ER_ERaERb_1440
TOX21_PGC_ERR_Agonist
OT_AR_ARSRC1_0480
TOX21_TSHR_HTRF_Antagonist_ratio
OT_FXR_FXRSRC1_1440
TOX21_ESRE_BLA_ratio
TOX21_ERR_Agonist
TOX21_RAR_LUC_Agonist
OT_ER_ERaERb_0480
OT_ER_ERbERb_1440
TOX21_PPARg_BLA_Agonist_ratio
OT_ER_ERbERb_0480
OT_NURR1_NURR1RXRa_0480
TOX21_PR_BLA_Agonist_ratio
UPITT_HCI_U2OS_AR_TIF2_Nucleoli_Cytoplasm_Ratio_Antagonist
OT_NURR1_NURR1RXRa_1440
TOX21_HDAC_Inhibition_viability
OT_ER_ERaERa_1440
OT_ER_ERaERa_0480
TOX21_ERa_LUC_VM7_Agonist_10nM_ICI182780
UPITT_HCI_U2OS_AR_TIF2_Nucleoli_Agonist
LTEA_HepaRG_LDH_cytotoxicity
TOX21_CASP3_CHO
TOX21_ERb_BLA_Agonist_ratio
OT_AR_ARELUC_AG_1440
UPITT_HCI_U2OS_AR_TIF2_Nucleoli_Cytoplasm_Ratio_Agonist
TOX21_NFkB_BLA_agonist_ratio
TOX21_ELG1_LUC_Agonist
ACEA_AR_agonist_80hr
TOX21_SBE_BLA_Agonist_ratio
TOX21_SHH_3T3_GLI3_Agonist
OT_PPARg_PPARgSRC1_1440
OT_PPARg_PPARgSRC1_0480