ACEA_ER_80hr
None
NVS_ADME_hCYP19A1
NVS_ADME_hCYP1A1
NVS_ADME_hCYP1A2
NVS_ADME_hCYP1B1
NVS_ADME_hCYP2A6
NVS_ADME_hCYP2B6
NVS_ADME_hCYP2C18
NVS_ADME_hCYP2C19
NVS_ADME_hCYP2C8
NVS_ADME_hCYP2C9
NVS_ADME_hCYP2D6
NVS_ADME_hCYP2E1
NVS_ADME_hCYP2J2
NVS_ADME_hCYP3A4
NVS_ADME_hCYP3A5
NVS_ADME_hCYP4F12
NVS_ADME_rCYP1A1
NVS_ADME_rCYP1A2
NVS_ADME_rCYP2A1
NVS_ADME_rCYP2A2
NVS_ADME_rCYP2B1
NVS_ADME_rCYP2C11
NVS_ADME_rCYP2C12
NVS_ADME_rCYP2C13
NVS_ADME_rCYP2C6
NVS_ADME_rCYP2D1
NVS_ADME_rCYP2D2
NVS_ADME_rCYP2E1
NVS_ADME_rCYP3A1
NVS_ADME_rCYP3A2
NVS_ENZ_hAbl
NVS_ENZ_hAChE
NVS_ENZ_hACP1
NVS_ENZ_hAKT1
NVS_ENZ_hAKT2
NVS_ENZ_hAKT3
NVS_ENZ_hAMPKa1
NVS_ENZ_hAurA
NVS_ENZ_hBACE
NVS_ENZ_hBTK
NVS_ENZ_hCASP1
NVS_ENZ_hCASP10
NVS_ENZ_hCASP2
NVS_ENZ_hCASP3
NVS_ENZ_hCASP4
NVS_ENZ_hCASP5
NVS_ENZ_hCASP8
NVS_ENZ_hCDK2
NVS_ENZ_hCDK6
NVS_ENZ_hCHK1
NVS_ENZ_hCK1a
NVS_ENZ_hCK1D
NVS_ENZ_hCK2a2b2
NVS_ENZ_hCSF1R
NVS_ENZ_hDUSP3
NVS_ENZ_hEGFR
NVS_ENZ_hElastase
NVS_ENZ_hEphA1
NVS_ENZ_hEphA2
NVS_ENZ_hEphB1
NVS_ENZ_hEphB2
NVS_ENZ_hES
NVS_ENZ_hFGFR1
NVS_ENZ_hFGFR3
NVS_ENZ_hFyn
NVS_ENZ_hGSK3b
NVS_ENZ_hHDAC3
NVS_ENZ_hHDAC6
NVS_ENZ_hIGF1R
NVS_ENZ_hIKKa
NVS_ENZ_hInsR
NVS_ENZ_hIRAK4
NVS_ENZ_hJak2
NVS_ENZ_hJNK2
NVS_ENZ_hLck
NVS_ENZ_hLynA
NVS_ENZ_hLynB
NVS_ENZ_hMAPK1
NVS_ENZ_hMAPK11
NVS_ENZ_hMAPK3
NVS_ENZ_hMAPKAPK2
NVS_ENZ_hMAPKAPK5
NVS_ENZ_hMARK1
NVS_ENZ_hMet
NVS_ENZ_hMMP1
NVS_ENZ_hMMP13
NVS_ENZ_hMMP2
NVS_ENZ_hMMP3
NVS_ENZ_hMMP7
NVS_ENZ_hMMP9
NVS_ENZ_hMsk1
NVS_ENZ_hNEK2
NVS_ENZ_hPAK2
NVS_ENZ_hPAK4
NVS_ENZ_hPDE10
NVS_ENZ_hPDE4A1
NVS_ENZ_hPDE5
NVS_ENZ_hPI3Ka
NVS_ENZ_hPKA
NVS_ENZ_hPKCz
NVS_ENZ_hPKD2
NVS_ENZ_hPPM1A
NVS_ENZ_hPPP1CA
NVS_ENZ_hPPP2CA
NVS_ENZ_hPTEN
NVS_ENZ_hPTPN1
NVS_ENZ_hPTPN11
NVS_ENZ_hPTPN12
NVS_ENZ_hPTPN13
NVS_ENZ_hPTPN14
NVS_ENZ_hPTPN2
NVS_ENZ_hPTPN4
NVS_ENZ_hPTPN6
NVS_ENZ_hPTPN9
NVS_ENZ_hPTPRB
NVS_ENZ_hPTPRC
NVS_ENZ_hPTPRF
NVS_ENZ_hPTPRM
NVS_ENZ_hRAF1
NVS_ENZ_hROCK1
NVS_ENZ_hSGK1
NVS_ENZ_hSIRT1
NVS_ENZ_hSIRT2
NVS_ENZ_hSIRT3
NVS_ENZ_hSRC
NVS_ENZ_hSyk
NVS_ENZ_hTie2
NVS_ENZ_hTrkA
NVS_ENZ_hVEGFR1
NVS_ENZ_hVEGFR2
NVS_ENZ_hVEGFR3
NVS_ENZ_hZAP70
NVS_ENZ_oCOX1
NVS_ENZ_oCOX2
NVS_ENZ_pMTHFR
NVS_ENZ_rabI2C
NVS_ENZ_rACFSKBinding
NVS_ENZ_rAChE
NVS_ENZ_rCNOS
NVS_ENZ_rCOMT
NVS_ENZ_hDYRK1a
NVS_ENZ_rMAOAC
NVS_ENZ_rMAOAP
NVS_ENZ_rMAOBC
NVS_ENZ_rMAOBP
NVS_GPCR_bAdoR_NonSelective
NVS_GPCR_bAT2
NVS_GPCR_bDR_NonSelective
NVS_GPCR_bH1
NVS_GPCR_bNPY_NonSelective
NVS_GPCR_g5HT4
NVS_GPCR_gANPA
NVS_GPCR_gBK2
NVS_GPCR_gH2
NVS_GPCR_gLTB4
NVS_GPCR_gLTD4
NVS_GPCR_gMPeripheral_NonSelective
NVS_GPCR_gOpiateK
NVS_GPCR_h5HT2A
NVS_GPCR_h5HT5A
NVS_GPCR_h5HT6
NVS_GPCR_h5HT7
NVS_GPCR_hAdoRA1
NVS_GPCR_hAdoRA2a
NVS_GPCR_hAdra2A
NVS_GPCR_hAdra2C
NVS_GPCR_hAdrb1
NVS_GPCR_hAdrb2
NVS_GPCR_hAdrb3
NVS_GPCR_hAT1
NVS_GPCR_hC5a
NVS_GPCR_hDRD1
NVS_GPCR_hDRD2s
NVS_GPCR_hDRD4.4
NVS_GPCR_hETA
NVS_GPCR_hETB
NVS_GPCR_hH1
NVS_GPCR_hLTB4_BLT1
NVS_GPCR_hM1
NVS_GPCR_hM2
NVS_GPCR_hM3
NVS_GPCR_hM4
NVS_GPCR_hM5
NVS_GPCR_hNK2
NVS_GPCR_hNPY1
NVS_GPCR_hNPY2
NVS_GPCR_hNTS
NVS_GPCR_hOpiate_D1
NVS_GPCR_hOpiate_mu
NVS_GPCR_hORL1
NVS_GPCR_hPY2
NVS_GPCR_hTXA2
NVS_GPCR_hV1A
NVS_GPCR_mCCKAPeripheral
NVS_GPCR_mCKKBCentral
NVS_GPCR_p5HT2C
NVS_GPCR_r5HT_NonSelective
NVS_GPCR_r5HT1_NonSelective
NVS_GPCR_rabPAF
NVS_GPCR_rAdra1_NonSelective
NVS_GPCR_rAdra1A
NVS_GPCR_rAdra1B
NVS_GPCR_rAdra2_NonSelective
NVS_GPCR_rAdrb_NonSelective
NVS_GPCR_rCRF
NVS_GPCR_rGABBR
NVS_GPCR_rGalanin
NVS_GPCR_rGHB
NVS_GPCR_rH3
NVS_GPCR_rmAdra2B
NVS_GPCR_rmMGluR1
NVS_GPCR_rmMGluR5
NVS_GPCR_rNK1
NVS_GPCR_rNK3
NVS_GPCR_rNTS
NVS_GPCR_rOpiate_NonSelective
NVS_GPCR_rOpiate_NonSelectiveNa
NVS_GPCR_rOXT
NVS_GPCR_rSST
NVS_GPCR_rTRH
NVS_GPCR_rV1
NVS_GPCR_rVIP_NonSelective
NVS_IC_hKhERGCh
NVS_IC_rCaBTZCHL
NVS_IC_rCaChN
NVS_IC_rCaDHPRCh_L
NVS_IC_rKAR
NVS_IC_rKATPCh
NVS_IC_rKCaCh
NVS_IC_rNaCh_site2
NVS_LGIC_bGABAR_Agonist
NVS_LGIC_bGABARa1
NVS_LGIC_bGABARa5
NVS_LGIC_h5HT3
NVS_LGIC_hNNR_NBungSens
NVS_LGIC_rAMPA
NVS_LGIC_rGABAR_NonSelective
NVS_LGIC_rGABARa6
NVS_LGIC_rGluNMDA_Agonist
NVS_LGIC_rGluNMDA_MK801_Agonist
NVS_LGIC_rGlyRStrySens
NVS_LGIC_rNNR_BungSens
NVS_MP_hPBR
NVS_MP_rPBR
NVS_NR_bER
NVS_NR_bPR
NVS_NR_cAR
NVS_NR_hAR
NVS_NR_hCAR_Agonist
NVS_NR_hCAR_Antagonist
NVS_NR_hER
NVS_NR_hFXR_Agonist
NVS_NR_hFXR_Antagonist
NVS_NR_hGR
NVS_NR_hPPARa
NVS_NR_hPPARg
NVS_NR_hPR
NVS_NR_hPXR
NVS_NR_hRAR_Antagonist
NVS_NR_hRARa_Agonist
NVS_NR_hTRa_Antagonist
NVS_NR_mERa
NVS_NR_rAR
NVS_NR_rMR
NVS_OR_gSIGMA_NonSelective
NVS_OR_hFKBP12
NVS_TR_gDAT
NVS_TR_hAdoT
NVS_TR_hDAT
NVS_TR_hNET
NVS_TR_hSERT
NVS_TR_rAdoT
NVS_TR_rNET
NVS_TR_rSERT
NVS_TR_rVMAT2
OT_AR_ARELUC_AG_1440
OT_AR_ARSRC1_0480
OT_AR_ARSRC1_0960
OT_ER_ERaERa_0480
OT_ER_ERaERa_1440
OT_ER_ERaERb_0480
OT_ER_ERaERb_1440
OT_ER_ERbERb_0480
OT_ER_ERbERb_1440
OT_FXR_FXRSRC1_0480
OT_FXR_FXRSRC1_1440
OT_NURR1_NURR1RXRa_0480
OT_NURR1_NURR1RXRa_1440
OT_PPARg_PPARgSRC1_0480
OT_PPARg_PPARgSRC1_1440
TOX21_AR_BLA_Agonist_ratio
TOX21_AR_BLA_Antagonist_ratio
TOX21_AR_BLA_Antagonist_viability
TOX21_AR_LUC_MDAKB2_Agonist
TOX21_AR_LUC_MDAKB2_Antagonist_10nM_R1881
TOX21_AR_LUC_MDAKB2_Antagonist_10nM_R1881_viability
TOX21_Aromatase_Inhibition
TOX21_Aromatase_Inhibition_viability
TOX21_ELG1_LUC_Agonist
TOX21_ELG1_LUC_Agonist_viability
TOX21_ERa_BLA_Agonist_ratio
TOX21_ERa_BLA_Antagonist_ratio
TOX21_ERa_BLA_Antagonist_viability
TOX21_ERa_LUC_VM7_Agonist
TOX21_ERa_LUC_VM7_Antagonist_0.5nM_E2
TOX21_ERa_LUC_VM7_Antagonist_0.5nM_E2_viability
TOX21_GR_BLA_Agonist_ratio
TOX21_GR_BLA_Antagonist_ratio
TOX21_GR_BLA_Antagonist_viability
TOX21_MMP_rhodamine
TOX21_PPARg_BLA_Agonist_ratio
TOX21_TR_LUC_GH3_Agonist
TOX21_TR_LUC_GH3_Antagonist
TOX21_TR_LUC_GH3_Antagonist_viability
TOX21_AhR_LUC_Agonist
TOX21_AhR_LUC_Agonist_viability
TOX21_p53_BLA_p1_ratio
TOX21_DT40
LTEA_HepaRG_LDH_cytotoxicity
TOX21_ARE_BLA_agonist_viability
TOX21_HSE_BLA_agonist_viability
TOX21_p53_BLA_p1_viability
TOX21_FXR_BLA_agonist_viability
CLD_ABCB1_6hr
CLD_ABCB11_6hr
CLD_ABCG2_6hr
CLD_CYP1A1_6hr
CLD_CYP1A2_6hr
CLD_CYP2B6_6hr
CLD_CYP2C19_6hr
CLD_CYP2C9_6hr
CLD_CYP3A4_6hr
CLD_GSTA2_6hr
CLD_HMGCS2_6hr
CLD_SLCO1B1_6hr
CLD_SULT2A_6hr
CLD_UGT1A1_6hr
CLD_ABCB1_24hr
CLD_ABCB11_24hr
CLD_ABCG2_24hr
CLD_CYP1A1_24hr
CLD_CYP1A2_24hr
CLD_CYP2B6_24hr
CLD_CYP2C19_24hr
CLD_CYP2C9_24hr
CLD_CYP3A4_24hr
CLD_GSTA2_24hr
CLD_HMGCS2_24hr
CLD_SLCO1B1_24hr
CLD_SULT2A_24hr
CLD_UGT1A1_24hr
CLD_ABCB1_48hr
CLD_ABCB11_48hr
CLD_ABCG2_48hr
CLD_CYP1A1_48hr
CLD_CYP1A2_48hr
CLD_CYP2B6_48hr
CLD_CYP2C19_48hr
CLD_CYP2C9_48hr
CLD_CYP3A4_48hr
CLD_GSTA2_48hr
CLD_HMGCS2_48hr
CLD_SLCO1B1_48hr
CLD_SULT2A_48hr
CLD_UGT1A1_48hr
TOX21_p53_BLA_p2_ratio
TOX21_p53_BLA_p2_viability
TOX21_p53_BLA_p3_ratio
TOX21_p53_BLA_p3_viability
TOX21_p53_BLA_p4_ratio
TOX21_p53_BLA_p4_viability
TOX21_p53_BLA_p5_ratio
TOX21_p53_BLA_p5_viability
TOX21_ESRE_BLA_ratio
TOX21_ESRE_BLA_viability
TOX21_NFkB_BLA_agonist_ratio
TOX21_NFkB_BLA_agonist_viability
NCCT_HEK293T_CellTiterGLO
TOX21_RAR_LUC_Agonist
TOX21_RAR_LUC_Agonist_viability
TOX21_RORg_LUC_CHO_Antagonist
TOX21_RORg_LUC_CHO_Antagonist_viability
TOX21_AR_LUC_MDAKB2_Antagonist_0.5nM_R1881
TOX21_AR_LUC_MDAKB2_Antagonist_0.5nM_R1881_viability
TOX21_RXR_BLA_Agonist_ratio
TOX21_RXR_BLA_Agonist_viability
TOX21_AR_LUC_MDAKB2_Agonist_3uM_Nilutamide_viability
TOX21_RAR_LUC_Antagonist
TOX21_RAR_LUC_Antagonist_viability
TOX21_H2AX_HTRF_CHO_Agonist_ratio
TOX21_AP1_BLA_Agonist_ratio
TOX21_AP1_BLA_Agonist_viability
ACEA_AR_agonist_80hr
ACEA_AR_antagonist_80hr
CPHEA_Stoker_NIS_Inhibition_RAIU
NIS_RAIU_inhibition
TOX21_TSHR_Agonist_ratio
TOX21_TSHR_Antagonist_ratio
TOX21_CAR_Agonist
TOX21_CAR_Antagonist
TOX21_CAR_Antagonist_viability
TOX21_ERa_LUC_VM7_Antagonist_0.1nM_E2
TOX21_ERa_LUC_VM7_Antagonist_0.1nM_E2_viability
TOX21_ERR_Agonist
TOX21_ERR_Antagonist
TOX21_HDAC_Inhibition
TOX21_HDAC_Inhibition_viability
TOX21_HRE_BLA_Agonist_ratio
TOX21_HRE_BLA_Agonist_viability
TOX21_LUC_Biochem
TOX21_PGC_ERR_Agonist
TOX21_PGC_ERR_Antagonist
TOX21_SSH_3T3_GLI3_Agonist
TOX21_SSH_3T3_GLI3_Agonist_viability
TOX21_SSH_3T3_GLI3_Antagonist
TOX21_SSH_3T3_GLI3_Antagonist_viability
NIS_HEK293T_CTG_Cytotoxicity
CPHEA_Stoker_NIS_Cytotoxicity
TOX21_ERb_BLA_Antagonist_ratio
TOX21_ERb_BLA_Antagonist_viability
TOX21_ERb_BLA_Agonist_ratio
TOX21_ERb_BLA_Agonist_viability
TOX21_PR_BLA_Agonist_ratio
TOX21_PR_BLA_Agonist_viability
TOX21_PR_BLA_Antagonist_ratio
TOX21_PR_BLA_Antagonist_viability
TOX21_DT40_100
TOX21_DT40_657
TOX21_ERa_LUC_VM7_Agonist_10nM_ICI182780
TOX21_ERa_LUC_VM7_Agonist_10nM_ICI182780_viability
TOX21_PR_BLA_Followup_Agonist_ratio
TOX21_PR_BLA_Followup_Antagonist_ratio
TOX21_PR_BLA_Followup_Agonist_viability
TOX21_PR_BLA_Followup_Antagonist_viability
TOX21_PR_LUC_Followup_Antagonist
TOX21_PR_LUC_Followup_Agonist
TOX21_PR_LUC_Followup_Antagonist_viability
TOX21_PR_LUC_Followup_Agonist_viability
TOX21_TR_LUC_GH3_Agonist_Followup
TOX21_TR_LUC_GH3_Antagonist_Followup
TOX21_TRA_COA_Agonist_Followup_ratio
TOX21_TRA_COA_Antagonist_Followup_ratio
TOX21_TRB_BLA_Agonist_Followup_ratio
TOX21_TRB_BLA_Agonist_Followup_viability
TOX21_TRB_BLA_Antagonist_Followup_ratio
TOX21_TRB_BLA_Antagonist_Followup_viability
TOX21_TRB_COA_Agonist_Followup_ratio
TOX21_TRB_COA_Antagonist_Followup_ratio
TOX21_TR_RXR_BLA_Agonist_Followup_ratio
TOX21_TR_RXR_BLA_Agonist_Followup_viability
TOX21_TR_RXR_BLA_Antagonist_Followup_ratio
TOX21_TR_RXR_BLA_Antagonist_Followup_viability
CCTE_Harrill_HTTr_Viability_DMEM_6hr
NCCT_HTTr_Viability_DMEM_6hr
CCTE_Harrill_HTTr_Viability_PRF_DMEM_6hr
NCCT_HTTr_Viability_PRF_DMEM_6hr
NCCT_HTTr_Apoptosis_DMEM_6hr
CCTE_Harrill_HTTr_Apoptosis_DMEM_6hr
CCTE_Harrill_HTTr_Apoptosis_PRF_DMEM_6hr
NCCT_HTTr_Apoptosis_PRF_DMEM_6hr
CCTE_Harrill_HTTr_Viability_DMEM_12hr
NCCT_HTTr_Viability_DMEM_12hr
CCTE_Harrill_HTTr_Viability_DMEM_24hr
NCCT_HTTr_Viability_DMEM_24hr
CCTE_Harrill_HTTr_Viability_PRF_DMEM_12hr
NCCT_HTTr_Viability_PRF_DMEM_12hr
NCCT_HTTr_Viability_PRF_DMEM_24hr
CCTE_Harrill_HTTr_Viability_PRF_DMEM_24hr
NCCT_HTTr_Apoptosis_DMEM_12hr
CCTE_Harrill_HTTr_Apoptosis_DMEM_12hr
NCCT_HTTr_Apoptosis_DMEM_24hr
CCTE_Harrill_HTTr_Apoptosis_DMEM_24hr
CCTE_Harrill_HTTr_Apoptosis_PRF_DMEM_12hr
NCCT_HTTr_Apoptosis_PRF_DMEM_12hr
CCTE_Harrill_HTTr_Apoptosis_PRF_DMEM_24hr
NCCT_HTTr_Apoptosis_PRF_DMEM_24hr
TOX21_CASP3_HEPG2
TOX21_CASP3_HEPG2_viability
TOX21_CASP3_CHO
TOX21_CASP3_CHO_viability
TOX21_SBE_BLA_Antagonist_ratio
TOX21_SBE_BLA_Antagonist_viability
TOX21_SBE_BLA_Agonist_ratio
TOX21_SBE_BLA_Agonist_viability
UPITT_HCI_U2OS_AR_TIF2_Nucleoli_Antagonist
UPITT_HCI_U2OS_AR_TIF2_Nucleoli_Agonist
UPITT_HCI_U2OS_AR_TIF2_Nucleoli_Cytoplasm_Ratio_Antagonist
UPITT_HCI_U2OS_AR_TIF2_Nucleoli_Cytoplasm_Ratio_Agonist
ERF_ENZ_hRAF1
ERF_ENZ_rACFSK_Agonist
ERF_ENZ_rACFSK_Antagonist
ERF_NR_binding_hFXR_Antagonist