0.336
0.2848
0.2788
0.5706
0.249
0.2411
0.2389
0.2367
0.2308
0.2125
0.2113
0.2347
0.2243
0.2198
0.2164
0.2155
0.1958
0.1988
0.1964
0.1917
0.3945
0.1791
0.1584
0.1699
0.1533
0.1653
0.1646
0.1514
0.1642
0.1627
0.1582
0.1578
0.1433
0.1602
0.142
0.1537
0.1532
0.1492
0.1463
0.3111
0.1327
0.1434
0.1412
0.1411
0.14
0.1377
0.1421
0.1235
0.2872
0.285
0.1317
0.1312
0.3693
0.1339
0.128
0.2756
0.12
0.1198
0.1189
0.1094
0.1184
0.1181
0.2502
0.1158
0.1066
0.1155
0.106
0.1141
0.1174
0.1038
0.1035
0.1119
0.1017
0.1102
0.1089
0.1081
0.1079
0.0978
0.0962
0.2251
0.0957
0.1034
0.095
0.1025
0.1019
0.1009
0.217
0.0924
0.1016
0.0977
0.2091
0.207
0.0862
0.8229
0.4246
0.0881
0.081
0.1844
0.0788
0.4403
0.0775
0.3995
0.086
0.4268
0.0748
0.084
0.1737
0.1731
0.083
0.0792
0.079
0.6845
0.0796
0.0766
0.0703
0.1619
0.0747
0.0687
0.1603
0.3499
0.0761
0.0752
0.1523
0.0647
0.3566
0.1445
0.0694
0.5969
0.0615
0.1436
0.1883
0.313
0.0683
0.1418
0.3101
0.3096
0.0676
0.3081
0.3076
0.1383
0.3032
0.1372
0.0628
0.2973
0.2968
0.1322
0.2899
0.2885
0.2875
0.5341
0.284
0.0548
0.1278
0.1268
0.2791
0.2786
0.0607
0.2771
0.2722
0.2717
0.2708
0.2703
0.2688
0.1218
0.5037
0.2668
0.0515
0.1204
0.2623
0.2644
0.2639
0.0554
0.1191
0.2619
0.2609
0.2649
0.1175
0.0544
0.258
0.257
0.256
0.255
0.2536
0.4732
0.4714
0.114
0.2501
0.2472
0.2452
0.4486
0.2418
0.0466
0.2383
0.2378
0.2373
0.4354
0.2287
0.231
0.0482
0.048
0.2275
0.227
0.2265
0.4207
0.2241
0.2216
0.4096
0.2177
0.4031
0.2143
0.0446
0.0444
0.0442
0.2058
0.0941
0.3893
0.3884
0.0435
0.2039
0.3856
0.2054
0.043
0.2019
0.3819
0.2029
0.2025
0.2
0.1975
0.369
0.1966
0.3644
0.3616
0.087
0.1892
0.3524
0.0391
0.1848
0.1843
0.04
0.1818
0.18
0.3386
0.1781
0.0347
0.0805
0.333
0.1747
0.173
0.3238
0.172
0.322
0.3141
0.0359
0.1125
0.3127
0.0749
0.31
0.2162
0.1636
0.3072
0.0343
0.0738
0.3044
0.0354
0.3035
0.1617
0.3017
0.2998
0.0718
0.1577
0.1558
0.0705
0.2915
0.2894
0.1548
0.2897
0.1489
0.2823
0.1499
0.147
0.2777
0.1504
0.2768
0.2749
0.0968
0.2694
0.0651
0.143
0.2685
0.2675
0.1415
0.2638
0.2554
0.0631
0.0292
0.1371
0.2565
0.2555
0.2482
0.2528
0.2463
0.1307
0.2454
0.2445
0.1302
0.2392
0.2417
0.2399
0.0578
0.0265
0.1649
0.2334
0.1231
0.0551
0.2269
0.2211
0.2223
0.0249
0.2166
0.0535
0.1194
0.2186
0.2131
0.113
0.2103
0.2094
0.204
0.0233
0.2066
0.2057
0.202
0.1949
0.1974
0.1937
0.191
0.1882
0.0453
0.1021
0.1787
0.1817
0.1799
0.097
0.178
0.0207
0.1762
0.0426
0.174
0.1753
0.018
0.1744
0.1716
0.1707
0.1679
0.0397
0.1597
0.1596
0.0381
0.0379
0.1559
0.1525
0.155
0.1531
0.037
0.0882
0.1485
0.1476
0.1458
0.0334
0.1292
0.1282
0.1227
0.0131
0.0259
0.0247
0.0234
0.0221
0.021
0.0839
0.0203
0.0194
0.0082
0.065
0.0161
0.0596
0.0067
0.0581
0.0058
0.0125
0.0499
0.0153
0.0137
0.008
0.0078
0.0074